2019-04-23 17:05:36.906+0000 WARN [o.n.i.p.PageCache] The dbms.memory.pagecache.size setting has not been configured. It is recommended that this setting is always explicitly configured, to ensure the system has a balanced configuration. Until then, a computed heuristic value of 6681001984 bytes will be used instead. Run `neo4j-admin memrec` for memory configuration suggestions.
2019-04-23 17:05:37.342+0000 INFO [o.n.k.i.f.CommunityEditionModule] No locking implementation specified, defaulting to 'community'
2019-04-23 17:05:37.575+0000 INFO [o.n.k.AvailabilityGuard] Requirement makes database unavailable: Database available
2019-04-23 17:05:37.602+0000 INFO [o.n.k.i.DiagnosticsManager] --- INITIALIZED diagnostics START ---
2019-04-23 17:05:37.603+0000 INFO [o.n.k.i.DiagnosticsManager] Neo4j Kernel properties:
2019-04-23 17:05:37.603+0000 INFO [o.n.k.i.DiagnosticsManager] unsupported.dbms.directories.neo4j_home=/Users/luke/Documents/毕设/Neo4j/graph/agrocyc
2019-04-23 17:05:37.603+0000 INFO [o.n.k.i.DiagnosticsManager] unsupported.dbms.edition=community
2019-04-23 17:05:37.603+0000 INFO [o.n.k.i.DiagnosticsManager] unsupported.dbms.ephemeral=false
2019-04-23 17:05:37.603+0000 INFO [o.n.k.i.DiagnosticsManager] Diagnostics providers:
2019-04-23 17:05:37.603+0000 INFO [o.n.k.i.DiagnosticsManager] org.neo4j.kernel.configuration.Config
2019-04-23 17:05:37.604+0000 INFO [o.n.k.i.DiagnosticsManager] org.neo4j.kernel.info.DiagnosticsManager
2019-04-23 17:05:37.604+0000 INFO [o.n.k.i.DiagnosticsManager] SYSTEM_MEMORY
2019-04-23 17:05:37.604+0000 INFO [o.n.k.i.DiagnosticsManager] JAVA_MEMORY
2019-04-23 17:05:37.604+0000 INFO [o.n.k.i.DiagnosticsManager] OPERATING_SYSTEM
2019-04-23 17:05:37.604+0000 INFO [o.n.k.i.DiagnosticsManager] JAVA_VIRTUAL_MACHINE
2019-04-23 17:05:37.604+0000 INFO [o.n.k.i.DiagnosticsManager] CLASSPATH
2019-04-23 17:05:37.604+0000 INFO [o.n.k.i.DiagnosticsManager] LIBRARY_PATH
2019-04-23 17:05:37.604+0000 INFO [o.n.k.i.DiagnosticsManager] SYSTEM_PROPERTIES
2019-04-23 17:05:37.605+0000 INFO [o.n.k.i.DiagnosticsManager] TIMEZONE_DATABASE
2019-04-23 17:05:37.605+0000 INFO [o.n.k.i.DiagnosticsManager] NETWORK
2019-04-23 17:05:37.605+0000 INFO [o.n.k.i.DiagnosticsManager] System memory information:
2019-04-23 17:05:37.608+0000 INFO [o.n.k.i.DiagnosticsManager] Total Physical memory: 16.00 GB
2019-04-23 17:05:37.609+0000 INFO [o.n.k.i.DiagnosticsManager] Free Physical memory: 679.27 MB
2019-04-23 17:05:37.610+0000 INFO [o.n.k.i.DiagnosticsManager] Committed virtual memory: 9.68 GB
2019-04-23 17:05:37.611+0000 INFO [o.n.k.i.DiagnosticsManager] Total swap space: 8.00 GB
2019-04-23 17:05:37.611+0000 INFO [o.n.k.i.DiagnosticsManager] Free swap space: 1.04 GB
2019-04-23 17:05:37.612+0000 INFO [o.n.k.i.DiagnosticsManager] JVM memory information:
2019-04-23 17:05:37.612+0000 INFO [o.n.k.i.DiagnosticsManager] Free  memory: 221.13 MB
2019-04-23 17:05:37.612+0000 INFO [o.n.k.i.DiagnosticsManager] Total memory: 245.50 MB
2019-04-23 17:05:37.612+0000 INFO [o.n.k.i.DiagnosticsManager] Max   memory: 3.56 GB
2019-04-23 17:05:37.614+0000 INFO [o.n.k.i.DiagnosticsManager] Garbage Collector: PS Scavenge: [PS Eden Space, PS Survivor Space]
2019-04-23 17:05:37.614+0000 INFO [o.n.k.i.DiagnosticsManager] Garbage Collector: PS MarkSweep: [PS Eden Space, PS Survivor Space, PS Old Gen]
2019-04-23 17:05:37.616+0000 INFO [o.n.k.i.DiagnosticsManager] Memory Pool: Code Cache (Non-heap memory): committed=5.25 MB, used=5.20 MB, max=240.00 MB, threshold=0.00 B
2019-04-23 17:05:37.616+0000 INFO [o.n.k.i.DiagnosticsManager] Memory Pool: Metaspace (Non-heap memory): committed=14.50 MB, used=13.62 MB, max=-1.00 B, threshold=0.00 B
2019-04-23 17:05:37.616+0000 INFO [o.n.k.i.DiagnosticsManager] Memory Pool: Compressed Class Space (Non-heap memory): committed=2.00 MB, used=1.79 MB, max=1.00 GB, threshold=0.00 B
2019-04-23 17:05:37.617+0000 INFO [o.n.k.i.DiagnosticsManager] Memory Pool: PS Eden Space (Heap memory): committed=64.00 MB, used=13.96 MB, max=1.31 GB, threshold=?
2019-04-23 17:05:37.617+0000 INFO [o.n.k.i.DiagnosticsManager] Memory Pool: PS Survivor Space (Heap memory): committed=10.50 MB, used=10.39 MB, max=10.50 MB, threshold=?
2019-04-23 17:05:37.617+0000 INFO [o.n.k.i.DiagnosticsManager] Memory Pool: PS Old Gen (Heap memory): committed=171.00 MB, used=24.00 kB, max=2.67 GB, threshold=0.00 B
2019-04-23 17:05:37.617+0000 INFO [o.n.k.i.DiagnosticsManager] Operating system information:
2019-04-23 17:05:37.619+0000 INFO [o.n.k.i.DiagnosticsManager] Operating System: Mac OS X; version: 10.14.3; arch: x86_64; cpus: 8
2019-04-23 17:05:37.619+0000 INFO [o.n.k.i.DiagnosticsManager] Max number of file descriptors: 10240
2019-04-23 17:05:37.620+0000 INFO [o.n.k.i.DiagnosticsManager] Number of open file descriptors: 106
2019-04-23 17:05:37.630+0000 INFO [o.n.k.i.DiagnosticsManager] Process id: 5619@liuzeyudeMBP.lan
2019-04-23 17:05:37.630+0000 INFO [o.n.k.i.DiagnosticsManager] Byte order: LITTLE_ENDIAN
2019-04-23 17:05:37.632+0000 INFO [o.n.k.i.DiagnosticsManager] Local timezone: Asia/Shanghai
2019-04-23 17:05:37.632+0000 INFO [o.n.k.i.DiagnosticsManager] JVM information:
2019-04-23 17:05:37.632+0000 INFO [o.n.k.i.DiagnosticsManager] VM Name: Java HotSpot(TM) 64-Bit Server VM
2019-04-23 17:05:37.632+0000 INFO [o.n.k.i.DiagnosticsManager] VM Vendor: Oracle Corporation
2019-04-23 17:05:37.633+0000 INFO [o.n.k.i.DiagnosticsManager] VM Version: 25.121-b13
2019-04-23 17:05:37.633+0000 INFO [o.n.k.i.DiagnosticsManager] JIT compiler: HotSpot 64-Bit Tiered Compilers
2019-04-23 17:05:37.634+0000 INFO [o.n.k.i.DiagnosticsManager] VM Arguments: [-Dfile.encoding=UTF-8]
2019-04-23 17:05:37.634+0000 INFO [o.n.k.i.DiagnosticsManager] Java classpath:
2019-04-23 17:05:37.637+0000 INFO [o.n.k.i.DiagnosticsManager]  [classpath + loader.0] file:/Library/Java/JavaVirtualMachines/jdk1.8.0_121.jdk/Contents/Home/lib/sa-jdi.jar
2019-04-23 17:05:37.637+0000 INFO [o.n.k.i.DiagnosticsManager]  [classpath + loader.0] file:/Users/luke/.m2/repository/org/neo4j/neo4j-cypher-logical-plans-3.4/3.4.6/neo4j-cypher-logical-plans-3.4-3.4.6.jar
2019-04-23 17:05:37.637+0000 INFO [o.n.k.i.DiagnosticsManager]  [classpath + loader.0] file:/Users/luke/.m2/repository/org/bouncycastle/bcpkix-jdk15on/1.59/bcpkix-jdk15on-1.59.jar
2019-04-23 17:05:37.637+0000 INFO [o.n.k.i.DiagnosticsManager]  [bootstrap + classpath + loader.0] file:/Library/Java/JavaVirtualMachines/jdk1.8.0_121.jdk/Contents/Home/jre/lib/jfr.jar
2019-04-23 17:05:37.637+0000 INFO [o.n.k.i.DiagnosticsManager]  [bootstrap] /Library/Java/JavaVirtualMachines/jdk1.8.0_121.jdk/Contents/Home/jre/classes
2019-04-23 17:05:37.637+0000 INFO [o.n.k.i.DiagnosticsManager]  [classpath + loader.0] file:/Library/Java/JavaVirtualMachines/jdk1.8.0_121.jdk/Contents/Home/lib/dt.jar
2019-04-23 17:05:37.637+0000 INFO [o.n.k.i.DiagnosticsManager]  [classpath + loader.0] file:/Users/luke/.m2/repository/com/googlecode/concurrentlinkedhashmap/concurrentlinkedhashmap-lru/1.4.2/concurrentlinkedhashmap-lru-1.4.2.jar
2019-04-23 17:05:37.637+0000 INFO [o.n.k.i.DiagnosticsManager]  [classpath + loader.0] file:/Users/luke/.m2/repository/com/github/ben-manes/caffeine/caffeine/2.3.3/caffeine-2.3.3.jar
2019-04-23 17:05:37.638+0000 INFO [o.n.k.i.DiagnosticsManager]  [classpath + loader.0] file:/Users/luke/.m2/repository/org/neo4j/neo4j-common/3.4.6/neo4j-common-3.4.6.jar
2019-04-23 17:05:37.638+0000 INFO [o.n.k.i.DiagnosticsManager]  [bootstrap + classpath + loader.0] file:/Library/Java/JavaVirtualMachines/jdk1.8.0_121.jdk/Contents/Home/jre/lib/charsets.jar
2019-04-23 17:05:37.638+0000 INFO [o.n.k.i.DiagnosticsManager]  [bootstrap + classpath + loader.0] file:/Library/Java/JavaVirtualMachines/jdk1.8.0_121.jdk/Contents/Home/jre/lib/rt.jar
2019-04-23 17:05:37.638+0000 INFO [o.n.k.i.DiagnosticsManager]  [classpath + loader.0] file:/Users/luke/.m2/repository/org/neo4j/neo4j-command-line/3.4.6/neo4j-command-line-3.4.6.jar
2019-04-23 17:05:37.638+0000 INFO [o.n.k.i.DiagnosticsManager]  [classpath + loader.0] file:/Users/luke/.m2/repository/org/neo4j/neo4j-index/3.4.6/neo4j-index-3.4.6.jar
2019-04-23 17:05:37.638+0000 INFO [o.n.k.i.DiagnosticsManager]  [classpath + loader.0] file:/Users/luke/.m2/repository/org/neo4j/neo4j-consistency-check/3.4.6/neo4j-consistency-check-3.4.6.jar
2019-04-23 17:05:37.638+0000 INFO [o.n.k.i.DiagnosticsManager]  [classpath + loader.0] file:/Library/Java/JavaVirtualMachines/jdk1.8.0_121.jdk/Contents/Home/jre/lib/jfxswt.jar
2019-04-23 17:05:37.638+0000 INFO [o.n.k.i.DiagnosticsManager]  [classpath + loader.0] file:/Users/luke/.m2/repository/org/parboiled/parboiled-core/1.1.7/parboiled-core-1.1.7.jar
2019-04-23 17:05:37.638+0000 INFO [o.n.k.i.DiagnosticsManager]  [classpath + loader.0] file:/Users/luke/.m2/repository/org/apache/commons/commons-lang3/3.7/commons-lang3-3.7.jar
2019-04-23 17:05:37.638+0000 INFO [o.n.k.i.DiagnosticsManager]  [loader.1] file:/Library/Java/JavaVirtualMachines/jdk1.8.0_121.jdk/Contents/Home/jre/lib/ext/jfxrt.jar
2019-04-23 17:05:37.638+0000 INFO [o.n.k.i.DiagnosticsManager]  [classpath + loader.0] file:/Users/luke/.m2/repository/org/ow2/asm/asm/6.2/asm-6.2.jar
2019-04-23 17:05:37.638+0000 INFO [o.n.k.i.DiagnosticsManager]  [classpath + loader.0] file:/Users/luke/.m2/repository/org/apache/lucene/lucene-queryparser/5.5.5/lucene-queryparser-5.5.5.jar
2019-04-23 17:05:37.638+0000 INFO [o.n.k.i.DiagnosticsManager]  [classpath + loader.0] file:/Users/luke/.m2/repository/org/neo4j/neo4j-cypher-expression-3.4/3.4.6/neo4j-cypher-expression-3.4-3.4.6.jar
2019-04-23 17:05:37.638+0000 INFO [o.n.k.i.DiagnosticsManager]  [loader.1] file:/Library/Java/JavaVirtualMachines/jdk1.8.0_121.jdk/Contents/Home/jre/lib/ext/jaccess.jar
2019-04-23 17:05:37.638+0000 INFO [o.n.k.i.DiagnosticsManager]  [classpath + loader.0] file:/Users/luke/.m2/repository/org/apache/lucene/lucene-core/5.5.5/lucene-core-5.5.5.jar
2019-04-23 17:05:37.639+0000 INFO [o.n.k.i.DiagnosticsManager]  [loader.1] file:/Library/Java/JavaVirtualMachines/jdk1.8.0_121.jdk/Contents/Home/jre/lib/ext/localedata.jar
2019-04-23 17:05:37.639+0000 INFO [o.n.k.i.DiagnosticsManager]  [classpath + loader.0] file:/Users/luke/.m2/repository/org/neo4j/neo4j-jmx/3.4.6/neo4j-jmx-3.4.6.jar
2019-04-23 17:05:37.639+0000 INFO [o.n.k.i.DiagnosticsManager]  [classpath + loader.0] file:/Users/luke/.m2/repository/org/neo4j/openCypher-frontend-1/3.4.6/openCypher-frontend-1-3.4.6.jar
2019-04-23 17:05:37.639+0000 INFO [o.n.k.i.DiagnosticsManager]  [loader.0] file:/Users/luke/Documents/%e6%af%95%e8%ae%be/Neo4j/zeyu/target/classes/
2019-04-23 17:05:37.639+0000 INFO [o.n.k.i.DiagnosticsManager]  [classpath + loader.0] file:/Users/luke/.m2/repository/org/ow2/asm/asm-util/6.2/asm-util-6.2.jar
2019-04-23 17:05:37.639+0000 INFO [o.n.k.i.DiagnosticsManager]  [classpath + loader.0] file:/Library/Java/JavaVirtualMachines/jdk1.8.0_121.jdk/Contents/Home/jre/lib/plugin.jar
2019-04-23 17:05:37.639+0000 INFO [o.n.k.i.DiagnosticsManager]  [classpath + loader.0] file:/Users/luke/.m2/repository/org/neo4j/neo4j-kernel/3.4.6/neo4j-kernel-3.4.6.jar
2019-04-23 17:05:37.639+0000 INFO [o.n.k.i.DiagnosticsManager]  [classpath + loader.0] file:/Users/luke/.m2/repository/org/neo4j/neo4j-logging/3.4.6/neo4j-logging-3.4.6.jar
2019-04-23 17:05:37.639+0000 INFO [o.n.k.i.DiagnosticsManager]  [classpath + loader.0] file:/Users/luke/.m2/repository/org/neo4j/neo4j-udc/3.4.6/neo4j-udc-3.4.6.jar
2019-04-23 17:05:37.639+0000 INFO [o.n.k.i.DiagnosticsManager]  [classpath + loader.0] file:/Library/Java/JavaVirtualMachines/jdk1.8.0_121.jdk/Contents/Home/lib/javafx-mx.jar
2019-04-23 17:05:37.639+0000 INFO [o.n.k.i.DiagnosticsManager]  [classpath + loader.0] file:/Users/luke/.m2/repository/org/neo4j/neo4j-values/3.4.6/neo4j-values-3.4.6.jar
2019-04-23 17:05:37.639+0000 INFO [o.n.k.i.DiagnosticsManager]  [classpath + loader.0] file:/Users/luke/.m2/repository/org/neo4j/neo4j-graph-matching/3.1.9/neo4j-graph-matching-3.1.9.jar
2019-04-23 17:05:37.639+0000 INFO [o.n.k.i.DiagnosticsManager]  [classpath + loader.0] file:/Users/luke/.m2/repository/org/neo4j/neo4j-cypher-frontend-3.3/3.3.6/neo4j-cypher-frontend-3.3-3.3.6.jar
2019-04-23 17:05:37.639+0000 INFO [o.n.k.i.DiagnosticsManager]  [classpath + loader.0] file:/Users/luke/.m2/repository/org/ow2/asm/asm-tree/6.2/asm-tree-6.2.jar
2019-04-23 17:05:37.640+0000 INFO [o.n.k.i.DiagnosticsManager]  [classpath + loader.0] file:/Users/luke/.m2/repository/com/profesorfalken/jPowerShell/1.9/jPowerShell-1.9.jar
2019-04-23 17:05:37.640+0000 INFO [o.n.k.i.DiagnosticsManager]  [classpath + loader.0] file:/Users/luke/.m2/repository/org/neo4j/neo4j-cypher-compiler-3.3/3.3.6/neo4j-cypher-compiler-3.3-3.3.6.jar
2019-04-23 17:05:37.640+0000 INFO [o.n.k.i.DiagnosticsManager]  [classpath + loader.0] file:/Users/luke/.m2/repository/com/profesorfalken/WMI4Java/1.6.1/WMI4Java-1.6.1.jar
2019-04-23 17:05:37.640+0000 INFO [o.n.k.i.DiagnosticsManager]  [loader.1] file:/Library/Java/JavaVirtualMachines/jdk1.8.0_121.jdk/Contents/Home/jre/lib/ext/sunjce_provider.jar
2019-04-23 17:05:37.640+0000 INFO [o.n.k.i.DiagnosticsManager]  [classpath + loader.0] file:/Users/luke/.m2/repository/org/neo4j/neo4j-cypher-compiler-3.1/3.1.9/neo4j-cypher-compiler-3.1-3.1.9.jar
2019-04-23 17:05:37.640+0000 INFO [o.n.k.i.DiagnosticsManager]  [classpath + loader.0] file:/Users/luke/.m2/repository/org/neo4j/neo4j-cypher-planner-spi-3.4/3.4.6/neo4j-cypher-planner-spi-3.4-3.4.6.jar
2019-04-23 17:05:37.640+0000 INFO [o.n.k.i.DiagnosticsManager]  [classpath + loader.0] file:/Users/luke/.m2/repository/org/neo4j/neo4j-procedure-api/3.4.6/neo4j-procedure-api-3.4.6.jar
2019-04-23 17:05:37.640+0000 INFO [o.n.k.i.DiagnosticsManager]  [classpath + loader.0] file:/Users/luke/.m2/repository/net/sf/opencsv/opencsv/2.3/opencsv-2.3.jar
2019-04-23 17:05:37.640+0000 INFO [o.n.k.i.DiagnosticsManager]  [classpath + loader.0] file:/Library/Java/JavaVirtualMachines/jdk1.8.0_121.jdk/Contents/Home/lib/packager.jar
2019-04-23 17:05:37.640+0000 INFO [o.n.k.i.DiagnosticsManager]  [classpath + loader.0] file:/Users/luke/.m2/repository/org/neo4j/neo4j-lucene-index/3.4.6/neo4j-lucene-index-3.4.6.jar
2019-04-23 17:05:37.640+0000 INFO [o.n.k.i.DiagnosticsManager]  [classpath + loader.0] file:/Library/Java/JavaVirtualMachines/jdk1.8.0_121.jdk/Contents/Home/jre/lib/javaws.jar
2019-04-23 17:05:37.640+0000 INFO [o.n.k.i.DiagnosticsManager]  [classpath] /Users/luke/Documents/毕设/Neo4j/zeyu/target/classes
2019-04-23 17:05:37.640+0000 INFO [o.n.k.i.DiagnosticsManager]  [classpath + loader.0] file:/Users/luke/.m2/repository/org/neo4j/neo4j-cypher-frontend-2.3/2.3.12/neo4j-cypher-frontend-2.3-2.3.12.jar
2019-04-23 17:05:37.640+0000 INFO [o.n.k.i.DiagnosticsManager]  [classpath + loader.0] file:/Users/luke/.m2/repository/org/neo4j/neo4j-spatial-index/3.4.6/neo4j-spatial-index-3.4.6.jar
2019-04-23 17:05:37.640+0000 INFO [o.n.k.i.DiagnosticsManager]  [classpath + loader.0] file:/Users/luke/.m2/repository/org/neo4j/neo4j-codegen/3.4.6/neo4j-codegen-3.4.6.jar
2019-04-23 17:05:37.640+0000 INFO [o.n.k.i.DiagnosticsManager]  [bootstrap + classpath + loader.0] file:/Library/Java/JavaVirtualMachines/jdk1.8.0_121.jdk/Contents/Home/jre/lib/jce.jar
2019-04-23 17:05:37.640+0000 INFO [o.n.k.i.DiagnosticsManager]  [classpath + loader.0] file:/Users/luke/.m2/repository/org/neo4j/neo4j-cypher-ir-3.4/3.4.6/neo4j-cypher-ir-3.4-3.4.6.jar
2019-04-23 17:05:37.640+0000 INFO [o.n.k.i.DiagnosticsManager]  [classpath + loader.0] file:/Users/luke/.m2/repository/org/parboiled/parboiled-scala_2.11/1.1.7/parboiled-scala_2.11-1.1.7.jar
2019-04-23 17:05:37.641+0000 INFO [o.n.k.i.DiagnosticsManager]  [loader.1] file:/Library/Java/JavaVirtualMachines/jdk1.8.0_121.jdk/Contents/Home/jre/lib/ext/dnsns.jar
2019-04-23 17:05:37.641+0000 INFO [o.n.k.i.DiagnosticsManager]  [classpath + loader.0] file:/Users/luke/.m2/repository/org/apache/commons/commons-compress/1.16.1/commons-compress-1.16.1.jar
2019-04-23 17:05:37.641+0000 INFO [o.n.k.i.DiagnosticsManager]  [classpath + loader.0] file:/Users/luke/.m2/repository/io/netty/netty-all/4.1.24.Final/netty-all-4.1.24.Final.jar
2019-04-23 17:05:37.641+0000 INFO [o.n.k.i.DiagnosticsManager]  [classpath + loader.0] file:/Users/luke/.m2/repository/org/neo4j/neo4j-ssl/3.4.6/neo4j-ssl-3.4.6.jar
2019-04-23 17:05:37.641+0000 INFO [o.n.k.i.DiagnosticsManager]  [classpath + loader.0] file:/Users/luke/.m2/repository/org/neo4j/neo4j-cypher-interpreted-runtime/3.4.6/neo4j-cypher-interpreted-runtime-3.4.6.jar
2019-04-23 17:05:37.641+0000 INFO [o.n.k.i.DiagnosticsManager]  [classpath + loader.0] file:/Library/Java/JavaVirtualMachines/jdk1.8.0_121.jdk/Contents/Home/lib/ant-javafx.jar
2019-04-23 17:05:37.641+0000 INFO [o.n.k.i.DiagnosticsManager]  [loader.1] file:/Library/Java/JavaVirtualMachines/jdk1.8.0_121.jdk/Contents/Home/jre/lib/ext/sunpkcs11.jar
2019-04-23 17:05:37.641+0000 INFO [o.n.k.i.DiagnosticsManager]  [classpath + loader.0] file:/Users/luke/.m2/repository/org/scala-lang/scala-library/2.11.12/scala-library-2.11.12.jar
2019-04-23 17:05:37.641+0000 INFO [o.n.k.i.DiagnosticsManager]  [classpath + loader.0] file:/Library/Java/JavaVirtualMachines/jdk1.8.0_121.jdk/Contents/Home/lib/tools.jar
2019-04-23 17:05:37.641+0000 INFO [o.n.k.i.DiagnosticsManager]  [classpath + loader.0] file:/Users/luke/.m2/repository/org/neo4j/neo4j-cypher-frontend-3.1/3.1.9/neo4j-cypher-frontend-3.1-3.1.9.jar
2019-04-23 17:05:37.641+0000 INFO [o.n.k.i.DiagnosticsManager]  [loader.1] file:/Library/Java/JavaVirtualMachines/jdk1.8.0_121.jdk/Contents/Home/jre/lib/ext/nashorn.jar
2019-04-23 17:05:37.641+0000 INFO [o.n.k.i.DiagnosticsManager]  [classpath + loader.0] file:/Users/luke/.m2/repository/org/neo4j/neo4j-lucene-upgrade/3.4.6/neo4j-lucene-upgrade-3.4.6.jar
2019-04-23 17:05:37.641+0000 INFO [o.n.k.i.DiagnosticsManager]  [classpath + loader.0] file:/Users/luke/.m2/repository/org/neo4j/neo4j-cypher-planner-3.4/3.4.6/neo4j-cypher-planner-3.4-3.4.6.jar
2019-04-23 17:05:37.641+0000 INFO [o.n.k.i.DiagnosticsManager]  [bootstrap + classpath + loader.0] file:/Library/Java/JavaVirtualMachines/jdk1.8.0_121.jdk/Contents/Home/jre/lib/resources.jar
2019-04-23 17:05:37.641+0000 INFO [o.n.k.i.DiagnosticsManager]  [classpath + loader.0] file:/Users/luke/.m2/repository/org/neo4j/neo4j-graphdb-api/3.4.6/neo4j-graphdb-api-3.4.6.jar
2019-04-23 17:05:37.641+0000 INFO [o.n.k.i.DiagnosticsManager]  [classpath + loader.0] file:/Users/luke/.m2/repository/org/neo4j/neo4j-configuration/3.4.6/neo4j-configuration-3.4.6.jar
2019-04-23 17:05:37.642+0000 INFO [o.n.k.i.DiagnosticsManager]  [loader.1] file:/Library/Java/JavaVirtualMachines/jdk1.8.0_121.jdk/Contents/Home/jre/lib/ext/zipfs.jar
2019-04-23 17:05:37.642+0000 INFO [o.n.k.i.DiagnosticsManager]  [classpath + loader.0] file:/Users/luke/.m2/repository/org/neo4j/neo4j-cypher/3.4.6/neo4j-cypher-3.4.6.jar
2019-04-23 17:05:37.642+0000 INFO [o.n.k.i.DiagnosticsManager]  [classpath + loader.0] file:/Users/luke/.m2/repository/org/neo4j/neo4j-graph-algo/3.4.6/neo4j-graph-algo-3.4.6.jar
2019-04-23 17:05:37.642+0000 INFO [o.n.k.i.DiagnosticsManager]  [classpath + loader.0] file:/Users/luke/.m2/repository/org/neo4j/neo4j-io/3.4.6/neo4j-io-3.4.6.jar
2019-04-23 17:05:37.642+0000 INFO [o.n.k.i.DiagnosticsManager]  [loader.1] file:/Library/Java/JavaVirtualMachines/jdk1.8.0_121.jdk/Contents/Home/jre/lib/ext/sunec.jar
2019-04-23 17:05:37.642+0000 INFO [o.n.k.i.DiagnosticsManager]  [bootstrap + classpath + loader.0] file:/Library/Java/JavaVirtualMachines/jdk1.8.0_121.jdk/Contents/Home/jre/lib/jsse.jar
2019-04-23 17:05:37.642+0000 INFO [o.n.k.i.DiagnosticsManager]  [classpath + loader.0] file:/Users/luke/.m2/repository/org/neo4j/neo4j-cypher-util-3.4/3.4.6/neo4j-cypher-util-3.4-3.4.6.jar
2019-04-23 17:05:37.642+0000 INFO [o.n.k.i.DiagnosticsManager]  [classpath + loader.0] file:/Users/luke/.m2/repository/org/ow2/asm/asm-analysis/6.2/asm-analysis-6.2.jar
2019-04-23 17:05:37.642+0000 INFO [o.n.k.i.DiagnosticsManager]  [classpath + loader.0] file:/Users/luke/.m2/repository/org/apache/commons/commons-text/1.3/commons-text-1.3.jar
2019-04-23 17:05:37.643+0000 INFO [o.n.k.i.DiagnosticsManager]  [loader.1] file:/System/Library/Java/Extensions/MRJToolkit.jar
2019-04-23 17:05:37.643+0000 INFO [o.n.k.i.DiagnosticsManager]  [bootstrap] /Library/Java/JavaVirtualMachines/jdk1.8.0_121.jdk/Contents/Home/jre/lib/sunrsasign.jar
2019-04-23 17:05:37.643+0000 INFO [o.n.k.i.DiagnosticsManager]  [classpath + loader.0] file:/Users/luke/.m2/repository/org/neo4j/neo4j/3.4.6/neo4j-3.4.6.jar
2019-04-23 17:05:37.643+0000 INFO [o.n.k.i.DiagnosticsManager]  [classpath + loader.0] file:/Users/luke/.m2/repository/org/neo4j/neo4j-resource/3.4.6/neo4j-resource-3.4.6.jar
2019-04-23 17:05:37.643+0000 INFO [o.n.k.i.DiagnosticsManager]  [classpath + loader.0] file:/Users/luke/.m2/repository/org/neo4j/neo4j-dbms/3.4.6/neo4j-dbms-3.4.6.jar
2019-04-23 17:05:37.643+0000 INFO [o.n.k.i.DiagnosticsManager]  [classpath + loader.0] file:/Users/luke/.m2/repository/org/neo4j/neo4j-primitive-collections/3.4.6/neo4j-primitive-collections-3.4.6.jar
2019-04-23 17:05:37.643+0000 INFO [o.n.k.i.DiagnosticsManager]  [classpath + loader.0] file:/Library/Java/JavaVirtualMachines/jdk1.8.0_121.jdk/Contents/Home/jre/lib/management-agent.jar
2019-04-23 17:05:37.643+0000 INFO [o.n.k.i.DiagnosticsManager]  [classpath + loader.0] file:/Users/luke/.m2/repository/org/bouncycastle/bcprov-jdk15on/1.59/bcprov-jdk15on-1.59.jar
2019-04-23 17:05:37.643+0000 INFO [o.n.k.i.DiagnosticsManager]  [classpath + loader.0] file:/Users/luke/.m2/repository/org/neo4j/neo4j-cypher-logical-plans-3.3/3.3.6/neo4j-cypher-logical-plans-3.3-3.3.6.jar
2019-04-23 17:05:37.643+0000 INFO [o.n.k.i.DiagnosticsManager]  [classpath + loader.0] file:/Users/luke/.m2/repository/org/neo4j/neo4j-cypher-runtime-util/3.4.6/neo4j-cypher-runtime-util-3.4.6.jar
2019-04-23 17:05:37.643+0000 INFO [o.n.k.i.DiagnosticsManager]  [classpath + loader.0] file:/Users/luke/.m2/repository/org/neo4j/neo4j-kernel-api/3.4.6/neo4j-kernel-api-3.4.6.jar
2019-04-23 17:05:37.643+0000 INFO [o.n.k.i.DiagnosticsManager]  [classpath + loader.0] file:/Users/luke/.m2/repository/org/apache/lucene/lucene-backward-codecs/5.5.0/lucene-backward-codecs-5.5.0.jar
2019-04-23 17:05:37.643+0000 INFO [o.n.k.i.DiagnosticsManager]  [classpath + loader.0] file:/Users/luke/.m2/repository/org/apache/lucene/lucene-analyzers-common/5.5.5/lucene-analyzers-common-5.5.5.jar
2019-04-23 17:05:37.643+0000 INFO [o.n.k.i.DiagnosticsManager]  [classpath + loader.0] file:/Users/luke/.m2/repository/org/neo4j/neo4j-cypher-compiler-2.3/2.3.12/neo4j-cypher-compiler-2.3-2.3.12.jar
2019-04-23 17:05:37.643+0000 INFO [o.n.k.i.DiagnosticsManager]  [classpath + loader.0] file:/Users/luke/.m2/repository/org/jprocesses/jProcesses/1.6.4/jProcesses-1.6.4.jar
2019-04-23 17:05:37.643+0000 INFO [o.n.k.i.DiagnosticsManager]  [classpath + loader.0] file:/Library/Java/JavaVirtualMachines/jdk1.8.0_121.jdk/Contents/Home/lib/jconsole.jar
2019-04-23 17:05:37.643+0000 INFO [o.n.k.i.DiagnosticsManager]  [classpath + loader.0] file:/Users/luke/.m2/repository/org/neo4j/neo4j-collections/3.4.6/neo4j-collections-3.4.6.jar
2019-04-23 17:05:37.644+0000 INFO [o.n.k.i.DiagnosticsManager]  [classpath + loader.0] file:/Users/luke/.m2/repository/org/neo4j/neo4j-cypher-ir-3.3/3.3.6/neo4j-cypher-ir-3.3-3.3.6.jar
2019-04-23 17:05:37.644+0000 INFO [o.n.k.i.DiagnosticsManager]  [classpath + loader.0] file:/Library/Java/JavaVirtualMachines/jdk1.8.0_121.jdk/Contents/Home/jre/lib/deploy.jar
2019-04-23 17:05:37.644+0000 INFO [o.n.k.i.DiagnosticsManager]  [classpath + loader.0] file:/Users/luke/.m2/repository/org/neo4j/neo4j-unsafe/3.4.6/neo4j-unsafe-3.4.6.jar
2019-04-23 17:05:37.644+0000 INFO [o.n.k.i.DiagnosticsManager]  [classpath + loader.0] file:/Users/luke/.m2/repository/org/neo4j/neo4j-csv/3.4.6/neo4j-csv-3.4.6.jar
2019-04-23 17:05:37.644+0000 INFO [o.n.k.i.DiagnosticsManager]  [classpath + loader.0] file:/Users/luke/.m2/repository/org/neo4j/neo4j-import-tool/3.4.6/neo4j-import-tool-3.4.6.jar
2019-04-23 17:05:37.644+0000 INFO [o.n.k.i.DiagnosticsManager]  [loader.1] file:/Library/Java/JavaVirtualMachines/jdk1.8.0_121.jdk/Contents/Home/jre/lib/ext/cldrdata.jar
2019-04-23 17:05:37.644+0000 INFO [o.n.k.i.DiagnosticsManager]  [classpath + loader.0] file:/Users/luke/.m2/repository/org/scala-lang/scala-reflect/2.11.12/scala-reflect-2.11.12.jar
2019-04-23 17:05:37.644+0000 INFO [o.n.k.i.DiagnosticsManager]  [classpath + loader.0] file:/Users/luke/.m2/repository/org/objenesis/objenesis/2.6/objenesis-2.6.jar
2019-04-23 17:05:37.644+0000 INFO [o.n.k.i.DiagnosticsManager]  [classpath + loader.0] file:/Users/luke/.m2/repository/org/apache/lucene/lucene-codecs/5.5.5/lucene-codecs-5.5.5.jar
2019-04-23 17:05:37.644+0000 INFO [o.n.k.i.DiagnosticsManager] Library path:
2019-04-23 17:05:37.644+0000 INFO [o.n.k.i.DiagnosticsManager] /Users/luke/Library/Java/Extensions
2019-04-23 17:05:37.644+0000 INFO [o.n.k.i.DiagnosticsManager] /Library/Java/Extensions
2019-04-23 17:05:37.644+0000 INFO [o.n.k.i.DiagnosticsManager] /Network/Library/Java/Extensions
2019-04-23 17:05:37.644+0000 INFO [o.n.k.i.DiagnosticsManager] /System/Library/Java/Extensions
2019-04-23 17:05:37.645+0000 INFO [o.n.k.i.DiagnosticsManager] /usr/lib/java
2019-04-23 17:05:37.645+0000 INFO [o.n.k.i.DiagnosticsManager] /Users/luke/Documents/毕设/Neo4j/zeyu
2019-04-23 17:05:37.645+0000 INFO [o.n.k.i.DiagnosticsManager] System.properties:
2019-04-23 17:05:37.645+0000 INFO [o.n.k.i.DiagnosticsManager] sun.boot.library.path = /Library/Java/JavaVirtualMachines/jdk1.8.0_121.jdk/Contents/Home/jre/lib
2019-04-23 17:05:37.645+0000 INFO [o.n.k.i.DiagnosticsManager] user.country.format = HK
2019-04-23 17:05:37.645+0000 INFO [o.n.k.i.DiagnosticsManager] gopherProxySet = false
2019-04-23 17:05:37.645+0000 INFO [o.n.k.i.DiagnosticsManager] path.separator = :
2019-04-23 17:05:37.645+0000 INFO [o.n.k.i.DiagnosticsManager] file.encoding.pkg = sun.io
2019-04-23 17:05:37.645+0000 INFO [o.n.k.i.DiagnosticsManager] user.country = US
2019-04-23 17:05:37.645+0000 INFO [o.n.k.i.DiagnosticsManager] sun.java.launcher = SUN_STANDARD
2019-04-23 17:05:37.645+0000 INFO [o.n.k.i.DiagnosticsManager] sun.os.patch.level = unknown
2019-04-23 17:05:37.646+0000 INFO [o.n.k.i.DiagnosticsManager] user.dir = /Users/luke/Documents/毕设/Neo4j/zeyu
2019-04-23 17:05:37.646+0000 INFO [o.n.k.i.DiagnosticsManager] sun.jnu.encoding = UTF-8
2019-04-23 17:05:37.646+0000 INFO [o.n.k.i.DiagnosticsManager] sun.management.compiler = HotSpot 64-Bit Tiered Compilers
2019-04-23 17:05:37.646+0000 INFO [o.n.k.i.DiagnosticsManager] user.home = /Users/luke
2019-04-23 17:05:37.646+0000 INFO [o.n.k.i.DiagnosticsManager] user.timezone = Asia/Shanghai
2019-04-23 17:05:37.646+0000 INFO [o.n.k.i.DiagnosticsManager] file.encoding = UTF-8
2019-04-23 17:05:37.646+0000 INFO [o.n.k.i.DiagnosticsManager] user.name = luke
2019-04-23 17:05:37.646+0000 INFO [o.n.k.i.DiagnosticsManager] sun.java.command = neo4jReachability.CreatGraph
2019-04-23 17:05:37.646+0000 INFO [o.n.k.i.DiagnosticsManager] sun.arch.data.model = 64
2019-04-23 17:05:37.646+0000 INFO [o.n.k.i.DiagnosticsManager] user.language = en
2019-04-23 17:05:37.646+0000 INFO [o.n.k.i.DiagnosticsManager] awt.toolkit = sun.lwawt.macosx.LWCToolkit
2019-04-23 17:05:37.646+0000 INFO [o.n.k.i.DiagnosticsManager] file.separator = /
2019-04-23 17:05:37.646+0000 INFO [o.n.k.i.DiagnosticsManager] sun.io.unicode.encoding = UnicodeBig
2019-04-23 17:05:37.646+0000 INFO [o.n.k.i.DiagnosticsManager] sun.cpu.endian = little
2019-04-23 17:05:37.647+0000 INFO [o.n.k.i.DiagnosticsManager] sun.cpu.isalist = 
2019-04-23 17:05:37.647+0000 INFO [o.n.k.i.DiagnosticsManager] (IANA) TimeZone Database Version:
2019-04-23 17:05:37.687+0000 INFO [o.n.k.i.DiagnosticsManager]   TimeZone version: 2016i (available for 597 zone identifiers)
2019-04-23 17:05:37.688+0000 INFO [o.n.k.i.DiagnosticsManager] Network information:
2019-04-23 17:05:37.697+0000 INFO [o.n.k.i.DiagnosticsManager] Interface utun4:
2019-04-23 17:05:37.697+0000 INFO [o.n.k.i.DiagnosticsManager]     address: fe80:0:0:0:457e:562d:add:28d1%utun4
2019-04-23 17:05:37.697+0000 INFO [o.n.k.i.DiagnosticsManager] Interface utun3:
2019-04-23 17:05:37.697+0000 INFO [o.n.k.i.DiagnosticsManager]     address: fe80:0:0:0:8560:ca3a:9c43:76e5%utun3
2019-04-23 17:05:37.697+0000 INFO [o.n.k.i.DiagnosticsManager] Interface en5:
2019-04-23 17:05:37.697+0000 INFO [o.n.k.i.DiagnosticsManager]     address: fe80:0:0:0:aede:48ff:fe00:1122%en5
2019-04-23 17:05:37.697+0000 INFO [o.n.k.i.DiagnosticsManager] Interface utun2:
2019-04-23 17:05:37.697+0000 INFO [o.n.k.i.DiagnosticsManager]     address: fe80:0:0:0:ed4b:9f4c:86d6:5be%utun2
2019-04-23 17:05:37.697+0000 INFO [o.n.k.i.DiagnosticsManager] Interface utun1:
2019-04-23 17:05:37.697+0000 INFO [o.n.k.i.DiagnosticsManager]     address: fe80:0:0:0:d7b5:9446:31af:c1bd%utun1
2019-04-23 17:05:37.697+0000 INFO [o.n.k.i.DiagnosticsManager] Interface utun0:
2019-04-23 17:05:37.697+0000 INFO [o.n.k.i.DiagnosticsManager]     address: fe80:0:0:0:2460:a29c:a971:1252%utun0
2019-04-23 17:05:37.697+0000 INFO [o.n.k.i.DiagnosticsManager] Interface awdl0:
2019-04-23 17:05:37.697+0000 INFO [o.n.k.i.DiagnosticsManager]     address: fe80:0:0:0:18b3:66ff:fe79:5af7%awdl0
2019-04-23 17:05:37.698+0000 INFO [o.n.k.i.DiagnosticsManager] Interface en0:
2019-04-23 17:05:37.698+0000 INFO [o.n.k.i.DiagnosticsManager]     address: fe80:0:0:0:49d:8e6b:97eb:5807%en0
2019-04-23 17:05:37.698+0000 INFO [o.n.k.i.DiagnosticsManager]     address: 192.168.2.192
2019-04-23 17:05:37.698+0000 INFO [o.n.k.i.DiagnosticsManager] Interface lo0:
2019-04-23 17:05:37.698+0000 INFO [o.n.k.i.DiagnosticsManager]     address: fe80:0:0:0:0:0:0:1%lo0
2019-04-23 17:05:37.698+0000 INFO [o.n.k.i.DiagnosticsManager]     address: 0:0:0:0:0:0:0:1
2019-04-23 17:05:37.698+0000 INFO [o.n.k.i.DiagnosticsManager]     address: 127.0.0.1
2019-04-23 17:05:37.698+0000 INFO [o.n.k.i.DiagnosticsManager] --- INITIALIZED diagnostics END ---
2019-04-23 17:05:37.904+0000 INFO [o.n.k.i.s.f.RecordFormatSelector] Selected format 'RecordFormat:StandardV3_4[v0.A.9]' for the new store
2019-04-23 17:05:38.161+0000 INFO [o.n.k.i.i.l.NativeLabelScanStore] No label index found, this might just be first use. Preparing to rebuild.
2019-04-23 17:05:38.191+0000 INFO [o.n.k.NeoStoreDataSource] Rotated to transaction log [/Users/luke/Documents/毕设/Neo4j/graph/agrocyc/neostore.transaction.db.0] version=0, last transaction in previous log=1
2019-04-23 17:05:38.192+0000 INFO [o.n.k.NeoStoreDataSource] No commits found after last check point (which is at <no log position given>)
2019-04-23 17:05:38.200+0000 WARN [o.n.k.i.s.MetaDataStore] Missing counts store, rebuilding it.
2019-04-23 17:05:38.281+0000 WARN [o.n.k.i.s.MetaDataStore] Counts store rebuild completed.
2019-04-23 17:05:38.294+0000 INFO [o.n.k.i.i.l.NativeLabelScanStore] Rebuilding label index, this may take a while
2019-04-23 17:05:38.300+0000 INFO [o.n.k.i.i.l.NativeLabelScanStore] Label index rebuilt (roughly 0 nodes)
2019-04-23 17:05:38.318+0000 INFO [o.n.k.i.DatabaseHealth] Database health set to OK
2019-04-23 17:05:38.732+0000 INFO [o.n.k.AvailabilityGuard] Fulfilling of requirement makes database available: Database available
2019-04-23 17:05:38.733+0000 INFO [o.n.k.i.f.GraphDatabaseFacadeFactory] Database is now ready
2019-04-23 17:05:38.734+0000 INFO [o.n.k.i.DiagnosticsManager] --- STARTED diagnostics for KernelDiagnostics:Versions START ---
2019-04-23 17:05:38.734+0000 INFO [o.n.k.i.DiagnosticsManager] Graph Database: community single StoreId{creationTime=1556039138058, randomId=7022125549828641331, storeVersion=16094931155187206, upgradeTime=1556039138058, upgradeId=1}
2019-04-23 17:05:38.734+0000 INFO [o.n.k.i.DiagnosticsManager] Kernel version: 3.4.6,ff53003e8435935995de3a4aa337981c2609ca11
2019-04-23 17:05:38.734+0000 INFO [o.n.k.i.DiagnosticsManager] --- STARTED diagnostics for KernelDiagnostics:Versions END ---
2019-04-23 17:05:38.735+0000 INFO [o.n.k.i.DiagnosticsManager] --- STARTED diagnostics for NEO_STORE_VERSIONS START ---
2019-04-23 17:05:38.736+0000 INFO [o.n.k.i.DiagnosticsManager] Store versions:
2019-04-23 17:05:38.736+0000 INFO [o.n.k.i.DiagnosticsManager] Store versions:
2019-04-23 17:05:38.736+0000 INFO [o.n.k.i.DiagnosticsManager]   ArrayPropertyStore v0.A.9
2019-04-23 17:05:38.736+0000 INFO [o.n.k.i.DiagnosticsManager]   NodeStore v0.A.9
2019-04-23 17:05:38.736+0000 INFO [o.n.k.i.DiagnosticsManager]   StringPropertyStore v0.A.9
2019-04-23 17:05:38.737+0000 INFO [o.n.k.i.DiagnosticsManager]   PropertyIndexStore v0.A.9
2019-04-23 17:05:38.737+0000 INFO [o.n.k.i.DiagnosticsManager]   StringPropertyStore v0.A.9
2019-04-23 17:05:38.737+0000 INFO [o.n.k.i.DiagnosticsManager]   ArrayPropertyStore v0.A.9
2019-04-23 17:05:38.737+0000 INFO [o.n.k.i.DiagnosticsManager]   PropertyStore v0.A.9
2019-04-23 17:05:38.737+0000 INFO [o.n.k.i.DiagnosticsManager]   RelationshipStore v0.A.9
2019-04-23 17:05:38.737+0000 INFO [o.n.k.i.DiagnosticsManager]   StringPropertyStore v0.A.9
2019-04-23 17:05:38.737+0000 INFO [o.n.k.i.DiagnosticsManager]   RelationshipTypeStore v0.A.9
2019-04-23 17:05:38.737+0000 INFO [o.n.k.i.DiagnosticsManager]   StringPropertyStore v0.A.9
2019-04-23 17:05:38.738+0000 INFO [o.n.k.i.DiagnosticsManager]   LabelTokenStore v0.A.9
2019-04-23 17:05:38.738+0000 INFO [o.n.k.i.DiagnosticsManager]   SchemaStore v0.A.9
2019-04-23 17:05:38.738+0000 INFO [o.n.k.i.DiagnosticsManager]   RelationshipGroupStore v0.A.9
2019-04-23 17:05:38.738+0000 INFO [o.n.k.i.DiagnosticsManager]   NeoStore v0.A.9
2019-04-23 17:05:38.738+0000 INFO [o.n.k.i.DiagnosticsManager] --- STARTED diagnostics for NEO_STORE_VERSIONS END ---
2019-04-23 17:05:38.738+0000 INFO [o.n.k.i.DiagnosticsManager] --- STARTED diagnostics for NEO_STORE_ID_USAGE START ---
2019-04-23 17:05:38.738+0000 INFO [o.n.k.i.DiagnosticsManager] Id usage:
2019-04-23 17:05:38.738+0000 INFO [o.n.k.i.DiagnosticsManager] Id usage:
2019-04-23 17:05:38.739+0000 INFO [o.n.k.i.DiagnosticsManager]   ArrayPropertyStore: used=1 high=0
2019-04-23 17:05:38.739+0000 INFO [o.n.k.i.DiagnosticsManager]   NodeStore: used=0 high=-1
2019-04-23 17:05:38.739+0000 INFO [o.n.k.i.DiagnosticsManager]   StringPropertyStore: used=1 high=0
2019-04-23 17:05:38.739+0000 INFO [o.n.k.i.DiagnosticsManager]   PropertyIndexStore: used=0 high=-1
2019-04-23 17:05:38.739+0000 INFO [o.n.k.i.DiagnosticsManager]   StringPropertyStore: used=1 high=0
2019-04-23 17:05:38.739+0000 INFO [o.n.k.i.DiagnosticsManager]   ArrayPropertyStore: used=1 high=0
2019-04-23 17:05:38.740+0000 INFO [o.n.k.i.DiagnosticsManager]   PropertyStore: used=0 high=-1
2019-04-23 17:05:38.740+0000 INFO [o.n.k.i.DiagnosticsManager]   RelationshipStore: used=0 high=-1
2019-04-23 17:05:38.740+0000 INFO [o.n.k.i.DiagnosticsManager]   StringPropertyStore: used=1 high=0
2019-04-23 17:05:38.740+0000 INFO [o.n.k.i.DiagnosticsManager]   RelationshipTypeStore: used=0 high=-1
2019-04-23 17:05:38.740+0000 INFO [o.n.k.i.DiagnosticsManager]   StringPropertyStore: used=1 high=0
2019-04-23 17:05:38.740+0000 INFO [o.n.k.i.DiagnosticsManager]   LabelTokenStore: used=0 high=-1
2019-04-23 17:05:38.740+0000 INFO [o.n.k.i.DiagnosticsManager]   SchemaStore: used=1 high=0
2019-04-23 17:05:38.740+0000 INFO [o.n.k.i.DiagnosticsManager]   RelationshipGroupStore: used=1 high=0
2019-04-23 17:05:38.740+0000 INFO [o.n.k.i.DiagnosticsManager]   NeoStore: used=15 high=14
2019-04-23 17:05:38.740+0000 INFO [o.n.k.i.DiagnosticsManager] --- STARTED diagnostics for NEO_STORE_ID_USAGE END ---
2019-04-23 17:05:38.741+0000 INFO [o.n.k.i.DiagnosticsManager] --- STARTED diagnostics for NEO_STORE_RECORDS START ---
2019-04-23 17:05:38.741+0000 INFO [o.n.k.i.DiagnosticsManager] Neostore records:
2019-04-23 17:05:38.741+0000 INFO [o.n.k.i.DiagnosticsManager] TIME (Creation time): 1556039138058
2019-04-23 17:05:38.741+0000 INFO [o.n.k.i.DiagnosticsManager] RANDOM_NUMBER (Random number for store id): 7022125549828641331
2019-04-23 17:05:38.741+0000 INFO [o.n.k.i.DiagnosticsManager] LOG_VERSION (Current log version): 0
2019-04-23 17:05:38.742+0000 INFO [o.n.k.i.DiagnosticsManager] LAST_TRANSACTION_ID (Last committed transaction): 1
2019-04-23 17:05:38.742+0000 INFO [o.n.k.i.DiagnosticsManager] STORE_VERSION (Store format version): 16094931155187206
2019-04-23 17:05:38.742+0000 INFO [o.n.k.i.DiagnosticsManager] FIRST_GRAPH_PROPERTY (First property record containing graph properties): -1
2019-04-23 17:05:38.742+0000 INFO [o.n.k.i.DiagnosticsManager] LAST_CONSTRAINT_TRANSACTION (Last committed transaction containing constraint changes): 0
2019-04-23 17:05:38.742+0000 INFO [o.n.k.i.DiagnosticsManager] UPGRADE_TRANSACTION_ID (Transaction id most recent upgrade was performed at): 1
2019-04-23 17:05:38.742+0000 INFO [o.n.k.i.DiagnosticsManager] UPGRADE_TIME (Time of last upgrade): 1556039138058
2019-04-23 17:05:38.742+0000 INFO [o.n.k.i.DiagnosticsManager] LAST_TRANSACTION_CHECKSUM (Checksum of last committed transaction): 0
2019-04-23 17:05:38.742+0000 INFO [o.n.k.i.DiagnosticsManager] UPGRADE_TRANSACTION_CHECKSUM (Checksum of transaction id the most recent upgrade was performed at): 0
2019-04-23 17:05:38.742+0000 INFO [o.n.k.i.DiagnosticsManager] LAST_CLOSED_TRANSACTION_LOG_VERSION (Log version where the last transaction commit entry has been written into): 0
2019-04-23 17:05:38.742+0000 INFO [o.n.k.i.DiagnosticsManager] LAST_CLOSED_TRANSACTION_LOG_BYTE_OFFSET (Byte offset in the log file where the last transaction commit entry has been written into): 16
2019-04-23 17:05:38.742+0000 INFO [o.n.k.i.DiagnosticsManager] LAST_TRANSACTION_COMMIT_TIMESTAMP (Commit time timestamp for last committed transaction): 0
2019-04-23 17:05:38.743+0000 INFO [o.n.k.i.DiagnosticsManager] UPGRADE_TRANSACTION_COMMIT_TIMESTAMP (Commit timestamp of transaction the most recent upgrade was performed at): 0
2019-04-23 17:05:38.743+0000 INFO [o.n.k.i.DiagnosticsManager] --- STARTED diagnostics for NEO_STORE_RECORDS END ---
2019-04-23 17:05:38.743+0000 INFO [o.n.k.i.DiagnosticsManager] --- STARTED diagnostics for TRANSACTION_RANGE START ---
2019-04-23 17:05:38.744+0000 INFO [o.n.k.i.DiagnosticsManager] Transaction log:
2019-04-23 17:05:38.744+0000 INFO [o.n.k.i.DiagnosticsManager] No transactions found in any log
2019-04-23 17:05:38.744+0000 INFO [o.n.k.i.DiagnosticsManager] --- STARTED diagnostics for TRANSACTION_RANGE END ---
2019-04-23 17:05:38.747+0000 INFO [o.n.k.i.DiagnosticsManager] --- STARTED diagnostics for KernelDiagnostics:StoreFiles START ---
2019-04-23 17:05:38.748+0000 INFO [o.n.k.i.DiagnosticsManager] Disk space on partition (Total / Free / Free %): 499963170816 / 17397850112 / 3
2019-04-23 17:05:38.748+0000 INFO [o.n.k.i.DiagnosticsManager] Storage files: (filename : modification date - size)
2019-04-23 17:05:38.749+0000 INFO [o.n.k.i.DiagnosticsManager]   index:
2019-04-23 17:05:38.749+0000 INFO [o.n.k.i.DiagnosticsManager]   - Total: 2019-04-24T01:05:38+0800 - 0.00 B
2019-04-23 17:05:38.750+0000 INFO [o.n.k.i.DiagnosticsManager]   logs:
2019-04-23 17:05:38.750+0000 INFO [o.n.k.i.DiagnosticsManager]     debug.log: 2019-04-24T01:05:38+0800 - 38.07 kB
2019-04-23 17:05:38.751+0000 INFO [o.n.k.i.DiagnosticsManager]   - Total: 2019-04-24T01:05:36+0800 - 38.07 kB
2019-04-23 17:05:38.751+0000 INFO [o.n.k.i.DiagnosticsManager]   neostore: 2019-04-24T01:05:38+0800 - 8.00 kB
2019-04-23 17:05:38.751+0000 INFO [o.n.k.i.DiagnosticsManager]   neostore.counts.db.a: 2019-04-24T01:05:38+0800 - 96.00 B
2019-04-23 17:05:38.751+0000 INFO [o.n.k.i.DiagnosticsManager]   neostore.id: 2019-04-24T01:05:38+0800 - 9.00 B
2019-04-23 17:05:38.751+0000 INFO [o.n.k.i.DiagnosticsManager]   neostore.labelscanstore.db: 2019-04-24T01:05:38+0800 - 40.00 kB
2019-04-23 17:05:38.752+0000 INFO [o.n.k.i.DiagnosticsManager]   neostore.labeltokenstore.db: 2019-04-24T01:05:38+0800 - 0.00 B
2019-04-23 17:05:38.752+0000 INFO [o.n.k.i.DiagnosticsManager]   neostore.labeltokenstore.db.id: 2019-04-24T01:05:38+0800 - 9.00 B
2019-04-23 17:05:38.752+0000 INFO [o.n.k.i.DiagnosticsManager]   neostore.labeltokenstore.db.names: 2019-04-24T01:05:38+0800 - 8.00 kB
2019-04-23 17:05:38.752+0000 INFO [o.n.k.i.DiagnosticsManager]   neostore.labeltokenstore.db.names.id: 2019-04-24T01:05:38+0800 - 9.00 B
2019-04-23 17:05:38.752+0000 INFO [o.n.k.i.DiagnosticsManager]   neostore.nodestore.db: 2019-04-24T01:05:37+0800 - 0.00 B
2019-04-23 17:05:38.753+0000 INFO [o.n.k.i.DiagnosticsManager]   neostore.nodestore.db.id: 2019-04-24T01:05:37+0800 - 9.00 B
2019-04-23 17:05:38.753+0000 INFO [o.n.k.i.DiagnosticsManager]   neostore.nodestore.db.labels: 2019-04-24T01:05:37+0800 - 8.00 kB
2019-04-23 17:05:38.753+0000 INFO [o.n.k.i.DiagnosticsManager]   neostore.nodestore.db.labels.id: 2019-04-24T01:05:37+0800 - 9.00 B
2019-04-23 17:05:38.755+0000 INFO [o.n.k.i.DiagnosticsManager]   neostore.propertystore.db: 2019-04-24T01:05:38+0800 - 0.00 B
2019-04-23 17:05:38.756+0000 INFO [o.n.k.i.DiagnosticsManager]   neostore.propertystore.db.arrays: 2019-04-24T01:05:38+0800 - 8.00 kB
2019-04-23 17:05:38.756+0000 INFO [o.n.k.i.DiagnosticsManager]   neostore.propertystore.db.arrays.id: 2019-04-24T01:05:38+0800 - 9.00 B
2019-04-23 17:05:38.756+0000 INFO [o.n.k.i.DiagnosticsManager]   neostore.propertystore.db.id: 2019-04-24T01:05:38+0800 - 9.00 B
2019-04-23 17:05:38.756+0000 INFO [o.n.k.i.DiagnosticsManager]   neostore.propertystore.db.index: 2019-04-24T01:05:37+0800 - 0.00 B
2019-04-23 17:05:38.757+0000 INFO [o.n.k.i.DiagnosticsManager]   neostore.propertystore.db.index.id: 2019-04-24T01:05:37+0800 - 9.00 B
2019-04-23 17:05:38.757+0000 INFO [o.n.k.i.DiagnosticsManager]   neostore.propertystore.db.index.keys: 2019-04-24T01:05:37+0800 - 8.00 kB
2019-04-23 17:05:38.757+0000 INFO [o.n.k.i.DiagnosticsManager]   neostore.propertystore.db.index.keys.id: 2019-04-24T01:05:37+0800 - 9.00 B
2019-04-23 17:05:38.757+0000 INFO [o.n.k.i.DiagnosticsManager]   neostore.propertystore.db.strings: 2019-04-24T01:05:37+0800 - 8.00 kB
2019-04-23 17:05:38.757+0000 INFO [o.n.k.i.DiagnosticsManager]   neostore.propertystore.db.strings.id: 2019-04-24T01:05:38+0800 - 9.00 B
2019-04-23 17:05:38.757+0000 INFO [o.n.k.i.DiagnosticsManager]   neostore.relationshipgroupstore.db: 2019-04-24T01:05:38+0800 - 8.00 kB
2019-04-23 17:05:38.758+0000 INFO [o.n.k.i.DiagnosticsManager]   neostore.relationshipgroupstore.db.id: 2019-04-24T01:05:38+0800 - 9.00 B
2019-04-23 17:05:38.758+0000 INFO [o.n.k.i.DiagnosticsManager]   neostore.relationshipstore.db: 2019-04-24T01:05:38+0800 - 0.00 B
2019-04-23 17:05:38.758+0000 INFO [o.n.k.i.DiagnosticsManager]   neostore.relationshipstore.db.id: 2019-04-24T01:05:38+0800 - 9.00 B
2019-04-23 17:05:38.758+0000 INFO [o.n.k.i.DiagnosticsManager]   neostore.relationshiptypestore.db: 2019-04-24T01:05:38+0800 - 0.00 B
2019-04-23 17:05:38.758+0000 INFO [o.n.k.i.DiagnosticsManager]   neostore.relationshiptypestore.db.id: 2019-04-24T01:05:38+0800 - 9.00 B
2019-04-23 17:05:38.759+0000 INFO [o.n.k.i.DiagnosticsManager]   neostore.relationshiptypestore.db.names: 2019-04-24T01:05:38+0800 - 8.00 kB
2019-04-23 17:05:38.759+0000 INFO [o.n.k.i.DiagnosticsManager]   neostore.relationshiptypestore.db.names.id: 2019-04-24T01:05:38+0800 - 9.00 B
2019-04-23 17:05:38.759+0000 INFO [o.n.k.i.DiagnosticsManager]   neostore.schemastore.db: 2019-04-24T01:05:38+0800 - 8.00 kB
2019-04-23 17:05:38.759+0000 INFO [o.n.k.i.DiagnosticsManager]   neostore.schemastore.db.id: 2019-04-24T01:05:38+0800 - 9.00 B
2019-04-23 17:05:38.759+0000 INFO [o.n.k.i.DiagnosticsManager]   neostore.transaction.db.0: 2019-04-24T01:05:38+0800 - 16.00 B
2019-04-23 17:05:38.760+0000 INFO [o.n.k.i.DiagnosticsManager]   store_lock: 2019-04-24T01:05:37+0800 - 0.00 B
2019-04-23 17:05:38.760+0000 INFO [o.n.k.i.DiagnosticsManager] Storage summary: 
2019-04-23 17:05:38.760+0000 INFO [o.n.k.i.DiagnosticsManager]   Total size of store: 150.31 kB
2019-04-23 17:05:38.760+0000 INFO [o.n.k.i.DiagnosticsManager]   Total size of mapped files: 112.00 kB
2019-04-23 17:05:38.760+0000 INFO [o.n.k.i.DiagnosticsManager] --- STARTED diagnostics for KernelDiagnostics:StoreFiles END ---
2019-04-23 17:08:35.651+0000 WARN [o.n.i.p.PageCache] The dbms.memory.pagecache.size setting has not been configured. It is recommended that this setting is always explicitly configured, to ensure the system has a balanced configuration. Until then, a computed heuristic value of 6681001984 bytes will be used instead. Run `neo4j-admin memrec` for memory configuration suggestions.
2019-04-23 17:08:36.091+0000 INFO [o.n.k.i.f.CommunityEditionModule] No locking implementation specified, defaulting to 'community'
2019-04-23 17:08:36.329+0000 INFO [o.n.k.AvailabilityGuard] Requirement makes database unavailable: Database available
2019-04-23 17:08:36.343+0000 INFO [o.n.k.i.DiagnosticsManager] --- INITIALIZED diagnostics START ---
2019-04-23 17:08:36.343+0000 INFO [o.n.k.i.DiagnosticsManager] Neo4j Kernel properties:
2019-04-23 17:08:36.343+0000 INFO [o.n.k.i.DiagnosticsManager] unsupported.dbms.directories.neo4j_home=/Users/luke/Documents/毕设/Neo4j/graph/agrocyc
2019-04-23 17:08:36.343+0000 INFO [o.n.k.i.DiagnosticsManager] unsupported.dbms.edition=community
2019-04-23 17:08:36.343+0000 INFO [o.n.k.i.DiagnosticsManager] unsupported.dbms.ephemeral=false
2019-04-23 17:08:36.344+0000 INFO [o.n.k.i.DiagnosticsManager] Diagnostics providers:
2019-04-23 17:08:36.344+0000 INFO [o.n.k.i.DiagnosticsManager] org.neo4j.kernel.configuration.Config
2019-04-23 17:08:36.344+0000 INFO [o.n.k.i.DiagnosticsManager] org.neo4j.kernel.info.DiagnosticsManager
2019-04-23 17:08:36.344+0000 INFO [o.n.k.i.DiagnosticsManager] SYSTEM_MEMORY
2019-04-23 17:08:36.344+0000 INFO [o.n.k.i.DiagnosticsManager] JAVA_MEMORY
2019-04-23 17:08:36.344+0000 INFO [o.n.k.i.DiagnosticsManager] OPERATING_SYSTEM
2019-04-23 17:08:36.344+0000 INFO [o.n.k.i.DiagnosticsManager] JAVA_VIRTUAL_MACHINE
2019-04-23 17:08:36.344+0000 INFO [o.n.k.i.DiagnosticsManager] CLASSPATH
2019-04-23 17:08:36.344+0000 INFO [o.n.k.i.DiagnosticsManager] LIBRARY_PATH
2019-04-23 17:08:36.344+0000 INFO [o.n.k.i.DiagnosticsManager] SYSTEM_PROPERTIES
2019-04-23 17:08:36.344+0000 INFO [o.n.k.i.DiagnosticsManager] TIMEZONE_DATABASE
2019-04-23 17:08:36.344+0000 INFO [o.n.k.i.DiagnosticsManager] NETWORK
2019-04-23 17:08:36.345+0000 INFO [o.n.k.i.DiagnosticsManager] System memory information:
2019-04-23 17:08:36.346+0000 INFO [o.n.k.i.DiagnosticsManager] Total Physical memory: 16.00 GB
2019-04-23 17:08:36.347+0000 INFO [o.n.k.i.DiagnosticsManager] Free Physical memory: 504.50 MB
2019-04-23 17:08:36.348+0000 INFO [o.n.k.i.DiagnosticsManager] Committed virtual memory: 9.68 GB
2019-04-23 17:08:36.348+0000 INFO [o.n.k.i.DiagnosticsManager] Total swap space: 8.00 GB
2019-04-23 17:08:36.349+0000 INFO [o.n.k.i.DiagnosticsManager] Free swap space: 1.20 GB
2019-04-23 17:08:36.349+0000 INFO [o.n.k.i.DiagnosticsManager] JVM memory information:
2019-04-23 17:08:36.349+0000 INFO [o.n.k.i.DiagnosticsManager] Free  memory: 221.11 MB
2019-04-23 17:08:36.350+0000 INFO [o.n.k.i.DiagnosticsManager] Total memory: 245.50 MB
2019-04-23 17:08:36.350+0000 INFO [o.n.k.i.DiagnosticsManager] Max   memory: 3.56 GB
2019-04-23 17:08:36.352+0000 INFO [o.n.k.i.DiagnosticsManager] Garbage Collector: PS Scavenge: [PS Eden Space, PS Survivor Space]
2019-04-23 17:08:36.352+0000 INFO [o.n.k.i.DiagnosticsManager] Garbage Collector: PS MarkSweep: [PS Eden Space, PS Survivor Space, PS Old Gen]
2019-04-23 17:08:36.353+0000 INFO [o.n.k.i.DiagnosticsManager] Memory Pool: Code Cache (Non-heap memory): committed=5.25 MB, used=5.23 MB, max=240.00 MB, threshold=0.00 B
2019-04-23 17:08:36.353+0000 INFO [o.n.k.i.DiagnosticsManager] Memory Pool: Metaspace (Non-heap memory): committed=14.50 MB, used=13.62 MB, max=-1.00 B, threshold=0.00 B
2019-04-23 17:08:36.354+0000 INFO [o.n.k.i.DiagnosticsManager] Memory Pool: Compressed Class Space (Non-heap memory): committed=2.00 MB, used=1.79 MB, max=1.00 GB, threshold=0.00 B
2019-04-23 17:08:36.354+0000 INFO [o.n.k.i.DiagnosticsManager] Memory Pool: PS Eden Space (Heap memory): committed=64.00 MB, used=14.07 MB, max=1.31 GB, threshold=?
2019-04-23 17:08:36.354+0000 INFO [o.n.k.i.DiagnosticsManager] Memory Pool: PS Survivor Space (Heap memory): committed=10.50 MB, used=10.29 MB, max=10.50 MB, threshold=?
2019-04-23 17:08:36.354+0000 INFO [o.n.k.i.DiagnosticsManager] Memory Pool: PS Old Gen (Heap memory): committed=171.00 MB, used=24.00 kB, max=2.67 GB, threshold=0.00 B
2019-04-23 17:08:36.354+0000 INFO [o.n.k.i.DiagnosticsManager] Operating system information:
2019-04-23 17:08:36.355+0000 INFO [o.n.k.i.DiagnosticsManager] Operating System: Mac OS X; version: 10.14.3; arch: x86_64; cpus: 8
2019-04-23 17:08:36.356+0000 INFO [o.n.k.i.DiagnosticsManager] Max number of file descriptors: 10240
2019-04-23 17:08:36.356+0000 INFO [o.n.k.i.DiagnosticsManager] Number of open file descriptors: 106
2019-04-23 17:08:36.367+0000 INFO [o.n.k.i.DiagnosticsManager] Process id: 5655@liuzeyudeMBP.lan
2019-04-23 17:08:36.367+0000 INFO [o.n.k.i.DiagnosticsManager] Byte order: LITTLE_ENDIAN
2019-04-23 17:08:36.369+0000 INFO [o.n.k.i.DiagnosticsManager] Local timezone: Asia/Shanghai
2019-04-23 17:08:36.369+0000 INFO [o.n.k.i.DiagnosticsManager] JVM information:
2019-04-23 17:08:36.369+0000 INFO [o.n.k.i.DiagnosticsManager] VM Name: Java HotSpot(TM) 64-Bit Server VM
2019-04-23 17:08:36.370+0000 INFO [o.n.k.i.DiagnosticsManager] VM Vendor: Oracle Corporation
2019-04-23 17:08:36.370+0000 INFO [o.n.k.i.DiagnosticsManager] VM Version: 25.121-b13
2019-04-23 17:08:36.370+0000 INFO [o.n.k.i.DiagnosticsManager] JIT compiler: HotSpot 64-Bit Tiered Compilers
2019-04-23 17:08:36.371+0000 INFO [o.n.k.i.DiagnosticsManager] VM Arguments: [-Dfile.encoding=UTF-8]
2019-04-23 17:08:36.371+0000 INFO [o.n.k.i.DiagnosticsManager] Java classpath:
2019-04-23 17:08:36.374+0000 INFO [o.n.k.i.DiagnosticsManager]  [classpath + loader.0] file:/Library/Java/JavaVirtualMachines/jdk1.8.0_121.jdk/Contents/Home/lib/sa-jdi.jar
2019-04-23 17:08:36.374+0000 INFO [o.n.k.i.DiagnosticsManager]  [classpath + loader.0] file:/Users/luke/.m2/repository/org/neo4j/neo4j-cypher-logical-plans-3.4/3.4.6/neo4j-cypher-logical-plans-3.4-3.4.6.jar
2019-04-23 17:08:36.374+0000 INFO [o.n.k.i.DiagnosticsManager]  [classpath + loader.0] file:/Users/luke/.m2/repository/org/bouncycastle/bcpkix-jdk15on/1.59/bcpkix-jdk15on-1.59.jar
2019-04-23 17:08:36.374+0000 INFO [o.n.k.i.DiagnosticsManager]  [bootstrap + classpath + loader.0] file:/Library/Java/JavaVirtualMachines/jdk1.8.0_121.jdk/Contents/Home/jre/lib/jfr.jar
2019-04-23 17:08:36.374+0000 INFO [o.n.k.i.DiagnosticsManager]  [bootstrap] /Library/Java/JavaVirtualMachines/jdk1.8.0_121.jdk/Contents/Home/jre/classes
2019-04-23 17:08:36.375+0000 INFO [o.n.k.i.DiagnosticsManager]  [classpath + loader.0] file:/Library/Java/JavaVirtualMachines/jdk1.8.0_121.jdk/Contents/Home/lib/dt.jar
2019-04-23 17:08:36.375+0000 INFO [o.n.k.i.DiagnosticsManager]  [classpath + loader.0] file:/Users/luke/.m2/repository/com/googlecode/concurrentlinkedhashmap/concurrentlinkedhashmap-lru/1.4.2/concurrentlinkedhashmap-lru-1.4.2.jar
2019-04-23 17:08:36.375+0000 INFO [o.n.k.i.DiagnosticsManager]  [classpath + loader.0] file:/Users/luke/.m2/repository/com/github/ben-manes/caffeine/caffeine/2.3.3/caffeine-2.3.3.jar
2019-04-23 17:08:36.375+0000 INFO [o.n.k.i.DiagnosticsManager]  [classpath + loader.0] file:/Users/luke/.m2/repository/org/neo4j/neo4j-common/3.4.6/neo4j-common-3.4.6.jar
2019-04-23 17:08:36.375+0000 INFO [o.n.k.i.DiagnosticsManager]  [bootstrap + classpath + loader.0] file:/Library/Java/JavaVirtualMachines/jdk1.8.0_121.jdk/Contents/Home/jre/lib/charsets.jar
2019-04-23 17:08:36.375+0000 INFO [o.n.k.i.DiagnosticsManager]  [bootstrap + classpath + loader.0] file:/Library/Java/JavaVirtualMachines/jdk1.8.0_121.jdk/Contents/Home/jre/lib/rt.jar
2019-04-23 17:08:36.375+0000 INFO [o.n.k.i.DiagnosticsManager]  [classpath + loader.0] file:/Users/luke/.m2/repository/org/neo4j/neo4j-command-line/3.4.6/neo4j-command-line-3.4.6.jar
2019-04-23 17:08:36.375+0000 INFO [o.n.k.i.DiagnosticsManager]  [classpath + loader.0] file:/Users/luke/.m2/repository/org/neo4j/neo4j-index/3.4.6/neo4j-index-3.4.6.jar
2019-04-23 17:08:36.375+0000 INFO [o.n.k.i.DiagnosticsManager]  [classpath + loader.0] file:/Users/luke/.m2/repository/org/neo4j/neo4j-consistency-check/3.4.6/neo4j-consistency-check-3.4.6.jar
2019-04-23 17:08:36.375+0000 INFO [o.n.k.i.DiagnosticsManager]  [classpath + loader.0] file:/Library/Java/JavaVirtualMachines/jdk1.8.0_121.jdk/Contents/Home/jre/lib/jfxswt.jar
2019-04-23 17:08:36.375+0000 INFO [o.n.k.i.DiagnosticsManager]  [classpath + loader.0] file:/Users/luke/.m2/repository/org/parboiled/parboiled-core/1.1.7/parboiled-core-1.1.7.jar
2019-04-23 17:08:36.375+0000 INFO [o.n.k.i.DiagnosticsManager]  [classpath + loader.0] file:/Users/luke/.m2/repository/org/apache/commons/commons-lang3/3.7/commons-lang3-3.7.jar
2019-04-23 17:08:36.375+0000 INFO [o.n.k.i.DiagnosticsManager]  [loader.1] file:/Library/Java/JavaVirtualMachines/jdk1.8.0_121.jdk/Contents/Home/jre/lib/ext/jfxrt.jar
2019-04-23 17:08:36.375+0000 INFO [o.n.k.i.DiagnosticsManager]  [classpath + loader.0] file:/Users/luke/.m2/repository/org/ow2/asm/asm/6.2/asm-6.2.jar
2019-04-23 17:08:36.375+0000 INFO [o.n.k.i.DiagnosticsManager]  [classpath + loader.0] file:/Users/luke/.m2/repository/org/apache/lucene/lucene-queryparser/5.5.5/lucene-queryparser-5.5.5.jar
2019-04-23 17:08:36.375+0000 INFO [o.n.k.i.DiagnosticsManager]  [classpath + loader.0] file:/Users/luke/.m2/repository/org/neo4j/neo4j-cypher-expression-3.4/3.4.6/neo4j-cypher-expression-3.4-3.4.6.jar
2019-04-23 17:08:36.375+0000 INFO [o.n.k.i.DiagnosticsManager]  [loader.1] file:/Library/Java/JavaVirtualMachines/jdk1.8.0_121.jdk/Contents/Home/jre/lib/ext/jaccess.jar
2019-04-23 17:08:36.376+0000 INFO [o.n.k.i.DiagnosticsManager]  [classpath + loader.0] file:/Users/luke/.m2/repository/org/apache/lucene/lucene-core/5.5.5/lucene-core-5.5.5.jar
2019-04-23 17:08:36.376+0000 INFO [o.n.k.i.DiagnosticsManager]  [loader.1] file:/Library/Java/JavaVirtualMachines/jdk1.8.0_121.jdk/Contents/Home/jre/lib/ext/localedata.jar
2019-04-23 17:08:36.376+0000 INFO [o.n.k.i.DiagnosticsManager]  [classpath + loader.0] file:/Users/luke/.m2/repository/org/neo4j/neo4j-jmx/3.4.6/neo4j-jmx-3.4.6.jar
2019-04-23 17:08:36.376+0000 INFO [o.n.k.i.DiagnosticsManager]  [classpath + loader.0] file:/Users/luke/.m2/repository/org/neo4j/openCypher-frontend-1/3.4.6/openCypher-frontend-1-3.4.6.jar
2019-04-23 17:08:36.376+0000 INFO [o.n.k.i.DiagnosticsManager]  [loader.0] file:/Users/luke/Documents/%e6%af%95%e8%ae%be/Neo4j/zeyu/target/classes/
2019-04-23 17:08:36.376+0000 INFO [o.n.k.i.DiagnosticsManager]  [classpath + loader.0] file:/Users/luke/.m2/repository/org/ow2/asm/asm-util/6.2/asm-util-6.2.jar
2019-04-23 17:08:36.376+0000 INFO [o.n.k.i.DiagnosticsManager]  [classpath + loader.0] file:/Library/Java/JavaVirtualMachines/jdk1.8.0_121.jdk/Contents/Home/jre/lib/plugin.jar
2019-04-23 17:08:36.376+0000 INFO [o.n.k.i.DiagnosticsManager]  [classpath + loader.0] file:/Users/luke/.m2/repository/org/neo4j/neo4j-kernel/3.4.6/neo4j-kernel-3.4.6.jar
2019-04-23 17:08:36.376+0000 INFO [o.n.k.i.DiagnosticsManager]  [classpath + loader.0] file:/Users/luke/.m2/repository/org/neo4j/neo4j-logging/3.4.6/neo4j-logging-3.4.6.jar
2019-04-23 17:08:36.376+0000 INFO [o.n.k.i.DiagnosticsManager]  [classpath + loader.0] file:/Users/luke/.m2/repository/org/neo4j/neo4j-udc/3.4.6/neo4j-udc-3.4.6.jar
2019-04-23 17:08:36.376+0000 INFO [o.n.k.i.DiagnosticsManager]  [classpath + loader.0] file:/Library/Java/JavaVirtualMachines/jdk1.8.0_121.jdk/Contents/Home/lib/javafx-mx.jar
2019-04-23 17:08:36.376+0000 INFO [o.n.k.i.DiagnosticsManager]  [classpath + loader.0] file:/Users/luke/.m2/repository/org/neo4j/neo4j-values/3.4.6/neo4j-values-3.4.6.jar
2019-04-23 17:08:36.376+0000 INFO [o.n.k.i.DiagnosticsManager]  [classpath + loader.0] file:/Users/luke/.m2/repository/org/neo4j/neo4j-graph-matching/3.1.9/neo4j-graph-matching-3.1.9.jar
2019-04-23 17:08:36.376+0000 INFO [o.n.k.i.DiagnosticsManager]  [classpath + loader.0] file:/Users/luke/.m2/repository/org/neo4j/neo4j-cypher-frontend-3.3/3.3.6/neo4j-cypher-frontend-3.3-3.3.6.jar
2019-04-23 17:08:36.376+0000 INFO [o.n.k.i.DiagnosticsManager]  [classpath + loader.0] file:/Users/luke/.m2/repository/org/ow2/asm/asm-tree/6.2/asm-tree-6.2.jar
2019-04-23 17:08:36.376+0000 INFO [o.n.k.i.DiagnosticsManager]  [classpath + loader.0] file:/Users/luke/.m2/repository/com/profesorfalken/jPowerShell/1.9/jPowerShell-1.9.jar
2019-04-23 17:08:36.376+0000 INFO [o.n.k.i.DiagnosticsManager]  [classpath + loader.0] file:/Users/luke/.m2/repository/org/neo4j/neo4j-cypher-compiler-3.3/3.3.6/neo4j-cypher-compiler-3.3-3.3.6.jar
2019-04-23 17:08:36.377+0000 INFO [o.n.k.i.DiagnosticsManager]  [classpath + loader.0] file:/Users/luke/.m2/repository/com/profesorfalken/WMI4Java/1.6.1/WMI4Java-1.6.1.jar
2019-04-23 17:08:36.377+0000 INFO [o.n.k.i.DiagnosticsManager]  [loader.1] file:/Library/Java/JavaVirtualMachines/jdk1.8.0_121.jdk/Contents/Home/jre/lib/ext/sunjce_provider.jar
2019-04-23 17:08:36.377+0000 INFO [o.n.k.i.DiagnosticsManager]  [classpath + loader.0] file:/Users/luke/.m2/repository/org/neo4j/neo4j-cypher-compiler-3.1/3.1.9/neo4j-cypher-compiler-3.1-3.1.9.jar
2019-04-23 17:08:36.377+0000 INFO [o.n.k.i.DiagnosticsManager]  [classpath + loader.0] file:/Users/luke/.m2/repository/org/neo4j/neo4j-cypher-planner-spi-3.4/3.4.6/neo4j-cypher-planner-spi-3.4-3.4.6.jar
2019-04-23 17:08:36.377+0000 INFO [o.n.k.i.DiagnosticsManager]  [classpath + loader.0] file:/Users/luke/.m2/repository/org/neo4j/neo4j-procedure-api/3.4.6/neo4j-procedure-api-3.4.6.jar
2019-04-23 17:08:36.377+0000 INFO [o.n.k.i.DiagnosticsManager]  [classpath + loader.0] file:/Users/luke/.m2/repository/net/sf/opencsv/opencsv/2.3/opencsv-2.3.jar
2019-04-23 17:08:36.377+0000 INFO [o.n.k.i.DiagnosticsManager]  [classpath + loader.0] file:/Library/Java/JavaVirtualMachines/jdk1.8.0_121.jdk/Contents/Home/lib/packager.jar
2019-04-23 17:08:36.377+0000 INFO [o.n.k.i.DiagnosticsManager]  [classpath + loader.0] file:/Users/luke/.m2/repository/org/neo4j/neo4j-lucene-index/3.4.6/neo4j-lucene-index-3.4.6.jar
2019-04-23 17:08:36.377+0000 INFO [o.n.k.i.DiagnosticsManager]  [classpath + loader.0] file:/Library/Java/JavaVirtualMachines/jdk1.8.0_121.jdk/Contents/Home/jre/lib/javaws.jar
2019-04-23 17:08:36.377+0000 INFO [o.n.k.i.DiagnosticsManager]  [classpath] /Users/luke/Documents/毕设/Neo4j/zeyu/target/classes
2019-04-23 17:08:36.377+0000 INFO [o.n.k.i.DiagnosticsManager]  [classpath + loader.0] file:/Users/luke/.m2/repository/org/neo4j/neo4j-cypher-frontend-2.3/2.3.12/neo4j-cypher-frontend-2.3-2.3.12.jar
2019-04-23 17:08:36.377+0000 INFO [o.n.k.i.DiagnosticsManager]  [classpath + loader.0] file:/Users/luke/.m2/repository/org/neo4j/neo4j-spatial-index/3.4.6/neo4j-spatial-index-3.4.6.jar
2019-04-23 17:08:36.377+0000 INFO [o.n.k.i.DiagnosticsManager]  [classpath + loader.0] file:/Users/luke/.m2/repository/org/neo4j/neo4j-codegen/3.4.6/neo4j-codegen-3.4.6.jar
2019-04-23 17:08:36.377+0000 INFO [o.n.k.i.DiagnosticsManager]  [bootstrap + classpath + loader.0] file:/Library/Java/JavaVirtualMachines/jdk1.8.0_121.jdk/Contents/Home/jre/lib/jce.jar
2019-04-23 17:08:36.377+0000 INFO [o.n.k.i.DiagnosticsManager]  [classpath + loader.0] file:/Users/luke/.m2/repository/org/neo4j/neo4j-cypher-ir-3.4/3.4.6/neo4j-cypher-ir-3.4-3.4.6.jar
2019-04-23 17:08:36.377+0000 INFO [o.n.k.i.DiagnosticsManager]  [classpath + loader.0] file:/Users/luke/.m2/repository/org/parboiled/parboiled-scala_2.11/1.1.7/parboiled-scala_2.11-1.1.7.jar
2019-04-23 17:08:36.377+0000 INFO [o.n.k.i.DiagnosticsManager]  [loader.1] file:/Library/Java/JavaVirtualMachines/jdk1.8.0_121.jdk/Contents/Home/jre/lib/ext/dnsns.jar
2019-04-23 17:08:36.377+0000 INFO [o.n.k.i.DiagnosticsManager]  [classpath + loader.0] file:/Users/luke/.m2/repository/org/apache/commons/commons-compress/1.16.1/commons-compress-1.16.1.jar
2019-04-23 17:08:36.377+0000 INFO [o.n.k.i.DiagnosticsManager]  [classpath + loader.0] file:/Users/luke/.m2/repository/io/netty/netty-all/4.1.24.Final/netty-all-4.1.24.Final.jar
2019-04-23 17:08:36.377+0000 INFO [o.n.k.i.DiagnosticsManager]  [classpath + loader.0] file:/Users/luke/.m2/repository/org/neo4j/neo4j-ssl/3.4.6/neo4j-ssl-3.4.6.jar
2019-04-23 17:08:36.378+0000 INFO [o.n.k.i.DiagnosticsManager]  [classpath + loader.0] file:/Users/luke/.m2/repository/org/neo4j/neo4j-cypher-interpreted-runtime/3.4.6/neo4j-cypher-interpreted-runtime-3.4.6.jar
2019-04-23 17:08:36.378+0000 INFO [o.n.k.i.DiagnosticsManager]  [classpath + loader.0] file:/Library/Java/JavaVirtualMachines/jdk1.8.0_121.jdk/Contents/Home/lib/ant-javafx.jar
2019-04-23 17:08:36.378+0000 INFO [o.n.k.i.DiagnosticsManager]  [loader.1] file:/Library/Java/JavaVirtualMachines/jdk1.8.0_121.jdk/Contents/Home/jre/lib/ext/sunpkcs11.jar
2019-04-23 17:08:36.378+0000 INFO [o.n.k.i.DiagnosticsManager]  [classpath + loader.0] file:/Users/luke/.m2/repository/org/scala-lang/scala-library/2.11.12/scala-library-2.11.12.jar
2019-04-23 17:08:36.378+0000 INFO [o.n.k.i.DiagnosticsManager]  [classpath + loader.0] file:/Library/Java/JavaVirtualMachines/jdk1.8.0_121.jdk/Contents/Home/lib/tools.jar
2019-04-23 17:08:36.378+0000 INFO [o.n.k.i.DiagnosticsManager]  [classpath + loader.0] file:/Users/luke/.m2/repository/org/neo4j/neo4j-cypher-frontend-3.1/3.1.9/neo4j-cypher-frontend-3.1-3.1.9.jar
2019-04-23 17:08:36.378+0000 INFO [o.n.k.i.DiagnosticsManager]  [loader.1] file:/Library/Java/JavaVirtualMachines/jdk1.8.0_121.jdk/Contents/Home/jre/lib/ext/nashorn.jar
2019-04-23 17:08:36.378+0000 INFO [o.n.k.i.DiagnosticsManager]  [classpath + loader.0] file:/Users/luke/.m2/repository/org/neo4j/neo4j-lucene-upgrade/3.4.6/neo4j-lucene-upgrade-3.4.6.jar
2019-04-23 17:08:36.378+0000 INFO [o.n.k.i.DiagnosticsManager]  [classpath + loader.0] file:/Users/luke/.m2/repository/org/neo4j/neo4j-cypher-planner-3.4/3.4.6/neo4j-cypher-planner-3.4-3.4.6.jar
2019-04-23 17:08:36.378+0000 INFO [o.n.k.i.DiagnosticsManager]  [bootstrap + classpath + loader.0] file:/Library/Java/JavaVirtualMachines/jdk1.8.0_121.jdk/Contents/Home/jre/lib/resources.jar
2019-04-23 17:08:36.378+0000 INFO [o.n.k.i.DiagnosticsManager]  [classpath + loader.0] file:/Users/luke/.m2/repository/org/neo4j/neo4j-graphdb-api/3.4.6/neo4j-graphdb-api-3.4.6.jar
2019-04-23 17:08:36.378+0000 INFO [o.n.k.i.DiagnosticsManager]  [classpath + loader.0] file:/Users/luke/.m2/repository/org/neo4j/neo4j-configuration/3.4.6/neo4j-configuration-3.4.6.jar
2019-04-23 17:08:36.378+0000 INFO [o.n.k.i.DiagnosticsManager]  [loader.1] file:/Library/Java/JavaVirtualMachines/jdk1.8.0_121.jdk/Contents/Home/jre/lib/ext/zipfs.jar
2019-04-23 17:08:36.378+0000 INFO [o.n.k.i.DiagnosticsManager]  [classpath + loader.0] file:/Users/luke/.m2/repository/org/neo4j/neo4j-cypher/3.4.6/neo4j-cypher-3.4.6.jar
2019-04-23 17:08:36.378+0000 INFO [o.n.k.i.DiagnosticsManager]  [classpath + loader.0] file:/Users/luke/.m2/repository/org/neo4j/neo4j-graph-algo/3.4.6/neo4j-graph-algo-3.4.6.jar
2019-04-23 17:08:36.378+0000 INFO [o.n.k.i.DiagnosticsManager]  [classpath + loader.0] file:/Users/luke/.m2/repository/org/neo4j/neo4j-io/3.4.6/neo4j-io-3.4.6.jar
2019-04-23 17:08:36.379+0000 INFO [o.n.k.i.DiagnosticsManager]  [loader.1] file:/Library/Java/JavaVirtualMachines/jdk1.8.0_121.jdk/Contents/Home/jre/lib/ext/sunec.jar
2019-04-23 17:08:36.379+0000 INFO [o.n.k.i.DiagnosticsManager]  [bootstrap + classpath + loader.0] file:/Library/Java/JavaVirtualMachines/jdk1.8.0_121.jdk/Contents/Home/jre/lib/jsse.jar
2019-04-23 17:08:36.379+0000 INFO [o.n.k.i.DiagnosticsManager]  [classpath + loader.0] file:/Users/luke/.m2/repository/org/neo4j/neo4j-cypher-util-3.4/3.4.6/neo4j-cypher-util-3.4-3.4.6.jar
2019-04-23 17:08:36.379+0000 INFO [o.n.k.i.DiagnosticsManager]  [classpath + loader.0] file:/Users/luke/.m2/repository/org/ow2/asm/asm-analysis/6.2/asm-analysis-6.2.jar
2019-04-23 17:08:36.379+0000 INFO [o.n.k.i.DiagnosticsManager]  [classpath + loader.0] file:/Users/luke/.m2/repository/org/apache/commons/commons-text/1.3/commons-text-1.3.jar
2019-04-23 17:08:36.379+0000 INFO [o.n.k.i.DiagnosticsManager]  [loader.1] file:/System/Library/Java/Extensions/MRJToolkit.jar
2019-04-23 17:08:36.379+0000 INFO [o.n.k.i.DiagnosticsManager]  [bootstrap] /Library/Java/JavaVirtualMachines/jdk1.8.0_121.jdk/Contents/Home/jre/lib/sunrsasign.jar
2019-04-23 17:08:36.379+0000 INFO [o.n.k.i.DiagnosticsManager]  [classpath + loader.0] file:/Users/luke/.m2/repository/org/neo4j/neo4j/3.4.6/neo4j-3.4.6.jar
2019-04-23 17:08:36.379+0000 INFO [o.n.k.i.DiagnosticsManager]  [classpath + loader.0] file:/Users/luke/.m2/repository/org/neo4j/neo4j-resource/3.4.6/neo4j-resource-3.4.6.jar
2019-04-23 17:08:36.379+0000 INFO [o.n.k.i.DiagnosticsManager]  [classpath + loader.0] file:/Users/luke/.m2/repository/org/neo4j/neo4j-dbms/3.4.6/neo4j-dbms-3.4.6.jar
2019-04-23 17:08:36.379+0000 INFO [o.n.k.i.DiagnosticsManager]  [classpath + loader.0] file:/Users/luke/.m2/repository/org/neo4j/neo4j-primitive-collections/3.4.6/neo4j-primitive-collections-3.4.6.jar
2019-04-23 17:08:36.379+0000 INFO [o.n.k.i.DiagnosticsManager]  [classpath + loader.0] file:/Library/Java/JavaVirtualMachines/jdk1.8.0_121.jdk/Contents/Home/jre/lib/management-agent.jar
2019-04-23 17:08:36.380+0000 INFO [o.n.k.i.DiagnosticsManager]  [classpath + loader.0] file:/Users/luke/.m2/repository/org/bouncycastle/bcprov-jdk15on/1.59/bcprov-jdk15on-1.59.jar
2019-04-23 17:08:36.380+0000 INFO [o.n.k.i.DiagnosticsManager]  [classpath + loader.0] file:/Users/luke/.m2/repository/org/neo4j/neo4j-cypher-logical-plans-3.3/3.3.6/neo4j-cypher-logical-plans-3.3-3.3.6.jar
2019-04-23 17:08:36.380+0000 INFO [o.n.k.i.DiagnosticsManager]  [classpath + loader.0] file:/Users/luke/.m2/repository/org/neo4j/neo4j-cypher-runtime-util/3.4.6/neo4j-cypher-runtime-util-3.4.6.jar
2019-04-23 17:08:36.380+0000 INFO [o.n.k.i.DiagnosticsManager]  [classpath + loader.0] file:/Users/luke/.m2/repository/org/neo4j/neo4j-kernel-api/3.4.6/neo4j-kernel-api-3.4.6.jar
2019-04-23 17:08:36.380+0000 INFO [o.n.k.i.DiagnosticsManager]  [classpath + loader.0] file:/Users/luke/.m2/repository/org/apache/lucene/lucene-backward-codecs/5.5.0/lucene-backward-codecs-5.5.0.jar
2019-04-23 17:08:36.380+0000 INFO [o.n.k.i.DiagnosticsManager]  [classpath + loader.0] file:/Users/luke/.m2/repository/org/apache/lucene/lucene-analyzers-common/5.5.5/lucene-analyzers-common-5.5.5.jar
2019-04-23 17:08:36.380+0000 INFO [o.n.k.i.DiagnosticsManager]  [classpath + loader.0] file:/Users/luke/.m2/repository/org/neo4j/neo4j-cypher-compiler-2.3/2.3.12/neo4j-cypher-compiler-2.3-2.3.12.jar
2019-04-23 17:08:36.380+0000 INFO [o.n.k.i.DiagnosticsManager]  [classpath + loader.0] file:/Users/luke/.m2/repository/org/jprocesses/jProcesses/1.6.4/jProcesses-1.6.4.jar
2019-04-23 17:08:36.380+0000 INFO [o.n.k.i.DiagnosticsManager]  [classpath + loader.0] file:/Library/Java/JavaVirtualMachines/jdk1.8.0_121.jdk/Contents/Home/lib/jconsole.jar
2019-04-23 17:08:36.380+0000 INFO [o.n.k.i.DiagnosticsManager]  [classpath + loader.0] file:/Users/luke/.m2/repository/org/neo4j/neo4j-collections/3.4.6/neo4j-collections-3.4.6.jar
2019-04-23 17:08:36.380+0000 INFO [o.n.k.i.DiagnosticsManager]  [classpath + loader.0] file:/Users/luke/.m2/repository/org/neo4j/neo4j-cypher-ir-3.3/3.3.6/neo4j-cypher-ir-3.3-3.3.6.jar
2019-04-23 17:08:36.380+0000 INFO [o.n.k.i.DiagnosticsManager]  [classpath + loader.0] file:/Library/Java/JavaVirtualMachines/jdk1.8.0_121.jdk/Contents/Home/jre/lib/deploy.jar
2019-04-23 17:08:36.380+0000 INFO [o.n.k.i.DiagnosticsManager]  [classpath + loader.0] file:/Users/luke/.m2/repository/org/neo4j/neo4j-unsafe/3.4.6/neo4j-unsafe-3.4.6.jar
2019-04-23 17:08:36.380+0000 INFO [o.n.k.i.DiagnosticsManager]  [classpath + loader.0] file:/Users/luke/.m2/repository/org/neo4j/neo4j-csv/3.4.6/neo4j-csv-3.4.6.jar
2019-04-23 17:08:36.380+0000 INFO [o.n.k.i.DiagnosticsManager]  [classpath + loader.0] file:/Users/luke/.m2/repository/org/neo4j/neo4j-import-tool/3.4.6/neo4j-import-tool-3.4.6.jar
2019-04-23 17:08:36.380+0000 INFO [o.n.k.i.DiagnosticsManager]  [loader.1] file:/Library/Java/JavaVirtualMachines/jdk1.8.0_121.jdk/Contents/Home/jre/lib/ext/cldrdata.jar
2019-04-23 17:08:36.380+0000 INFO [o.n.k.i.DiagnosticsManager]  [classpath + loader.0] file:/Users/luke/.m2/repository/org/scala-lang/scala-reflect/2.11.12/scala-reflect-2.11.12.jar
2019-04-23 17:08:36.380+0000 INFO [o.n.k.i.DiagnosticsManager]  [classpath + loader.0] file:/Users/luke/.m2/repository/org/objenesis/objenesis/2.6/objenesis-2.6.jar
2019-04-23 17:08:36.380+0000 INFO [o.n.k.i.DiagnosticsManager]  [classpath + loader.0] file:/Users/luke/.m2/repository/org/apache/lucene/lucene-codecs/5.5.5/lucene-codecs-5.5.5.jar
2019-04-23 17:08:36.380+0000 INFO [o.n.k.i.DiagnosticsManager] Library path:
2019-04-23 17:08:36.381+0000 INFO [o.n.k.i.DiagnosticsManager] /Users/luke/Library/Java/Extensions
2019-04-23 17:08:36.381+0000 INFO [o.n.k.i.DiagnosticsManager] /Library/Java/Extensions
2019-04-23 17:08:36.381+0000 INFO [o.n.k.i.DiagnosticsManager] /Network/Library/Java/Extensions
2019-04-23 17:08:36.381+0000 INFO [o.n.k.i.DiagnosticsManager] /System/Library/Java/Extensions
2019-04-23 17:08:36.381+0000 INFO [o.n.k.i.DiagnosticsManager] /usr/lib/java
2019-04-23 17:08:36.381+0000 INFO [o.n.k.i.DiagnosticsManager] /Users/luke/Documents/毕设/Neo4j/zeyu
2019-04-23 17:08:36.381+0000 INFO [o.n.k.i.DiagnosticsManager] System.properties:
2019-04-23 17:08:36.382+0000 INFO [o.n.k.i.DiagnosticsManager] sun.boot.library.path = /Library/Java/JavaVirtualMachines/jdk1.8.0_121.jdk/Contents/Home/jre/lib
2019-04-23 17:08:36.382+0000 INFO [o.n.k.i.DiagnosticsManager] user.country.format = HK
2019-04-23 17:08:36.382+0000 INFO [o.n.k.i.DiagnosticsManager] gopherProxySet = false
2019-04-23 17:08:36.382+0000 INFO [o.n.k.i.DiagnosticsManager] path.separator = :
2019-04-23 17:08:36.382+0000 INFO [o.n.k.i.DiagnosticsManager] file.encoding.pkg = sun.io
2019-04-23 17:08:36.382+0000 INFO [o.n.k.i.DiagnosticsManager] user.country = US
2019-04-23 17:08:36.382+0000 INFO [o.n.k.i.DiagnosticsManager] sun.java.launcher = SUN_STANDARD
2019-04-23 17:08:36.382+0000 INFO [o.n.k.i.DiagnosticsManager] sun.os.patch.level = unknown
2019-04-23 17:08:36.382+0000 INFO [o.n.k.i.DiagnosticsManager] user.dir = /Users/luke/Documents/毕设/Neo4j/zeyu
2019-04-23 17:08:36.382+0000 INFO [o.n.k.i.DiagnosticsManager] sun.jnu.encoding = UTF-8
2019-04-23 17:08:36.382+0000 INFO [o.n.k.i.DiagnosticsManager] sun.management.compiler = HotSpot 64-Bit Tiered Compilers
2019-04-23 17:08:36.382+0000 INFO [o.n.k.i.DiagnosticsManager] user.home = /Users/luke
2019-04-23 17:08:36.382+0000 INFO [o.n.k.i.DiagnosticsManager] user.timezone = Asia/Shanghai
2019-04-23 17:08:36.382+0000 INFO [o.n.k.i.DiagnosticsManager] file.encoding = UTF-8
2019-04-23 17:08:36.382+0000 INFO [o.n.k.i.DiagnosticsManager] user.name = luke
2019-04-23 17:08:36.382+0000 INFO [o.n.k.i.DiagnosticsManager] sun.java.command = neo4jReachability.ReadGraph
2019-04-23 17:08:36.382+0000 INFO [o.n.k.i.DiagnosticsManager] sun.arch.data.model = 64
2019-04-23 17:08:36.383+0000 INFO [o.n.k.i.DiagnosticsManager] user.language = en
2019-04-23 17:08:36.383+0000 INFO [o.n.k.i.DiagnosticsManager] awt.toolkit = sun.lwawt.macosx.LWCToolkit
2019-04-23 17:08:36.383+0000 INFO [o.n.k.i.DiagnosticsManager] file.separator = /
2019-04-23 17:08:36.383+0000 INFO [o.n.k.i.DiagnosticsManager] sun.io.unicode.encoding = UnicodeBig
2019-04-23 17:08:36.383+0000 INFO [o.n.k.i.DiagnosticsManager] sun.cpu.endian = little
2019-04-23 17:08:36.383+0000 INFO [o.n.k.i.DiagnosticsManager] sun.cpu.isalist = 
2019-04-23 17:08:36.383+0000 INFO [o.n.k.i.DiagnosticsManager] (IANA) TimeZone Database Version:
2019-04-23 17:08:36.415+0000 INFO [o.n.k.i.DiagnosticsManager]   TimeZone version: 2016i (available for 597 zone identifiers)
2019-04-23 17:08:36.416+0000 INFO [o.n.k.i.DiagnosticsManager] Network information:
2019-04-23 17:08:36.422+0000 INFO [o.n.k.i.DiagnosticsManager] Interface utun4:
2019-04-23 17:08:36.422+0000 INFO [o.n.k.i.DiagnosticsManager]     address: fe80:0:0:0:457e:562d:add:28d1%utun4
2019-04-23 17:08:36.422+0000 INFO [o.n.k.i.DiagnosticsManager] Interface utun3:
2019-04-23 17:08:36.422+0000 INFO [o.n.k.i.DiagnosticsManager]     address: fe80:0:0:0:8560:ca3a:9c43:76e5%utun3
2019-04-23 17:08:36.422+0000 INFO [o.n.k.i.DiagnosticsManager] Interface en5:
2019-04-23 17:08:36.422+0000 INFO [o.n.k.i.DiagnosticsManager]     address: fe80:0:0:0:aede:48ff:fe00:1122%en5
2019-04-23 17:08:36.423+0000 INFO [o.n.k.i.DiagnosticsManager] Interface utun2:
2019-04-23 17:08:36.423+0000 INFO [o.n.k.i.DiagnosticsManager]     address: fe80:0:0:0:ed4b:9f4c:86d6:5be%utun2
2019-04-23 17:08:36.423+0000 INFO [o.n.k.i.DiagnosticsManager] Interface utun1:
2019-04-23 17:08:36.423+0000 INFO [o.n.k.i.DiagnosticsManager]     address: fe80:0:0:0:d7b5:9446:31af:c1bd%utun1
2019-04-23 17:08:36.423+0000 INFO [o.n.k.i.DiagnosticsManager] Interface utun0:
2019-04-23 17:08:36.423+0000 INFO [o.n.k.i.DiagnosticsManager]     address: fe80:0:0:0:2460:a29c:a971:1252%utun0
2019-04-23 17:08:36.423+0000 INFO [o.n.k.i.DiagnosticsManager] Interface awdl0:
2019-04-23 17:08:36.423+0000 INFO [o.n.k.i.DiagnosticsManager]     address: fe80:0:0:0:18b3:66ff:fe79:5af7%awdl0
2019-04-23 17:08:36.423+0000 INFO [o.n.k.i.DiagnosticsManager] Interface en0:
2019-04-23 17:08:36.423+0000 INFO [o.n.k.i.DiagnosticsManager]     address: fe80:0:0:0:49d:8e6b:97eb:5807%en0
2019-04-23 17:08:36.423+0000 INFO [o.n.k.i.DiagnosticsManager]     address: 192.168.2.192
2019-04-23 17:08:36.423+0000 INFO [o.n.k.i.DiagnosticsManager] Interface lo0:
2019-04-23 17:08:36.423+0000 INFO [o.n.k.i.DiagnosticsManager]     address: fe80:0:0:0:0:0:0:1%lo0
2019-04-23 17:08:36.423+0000 INFO [o.n.k.i.DiagnosticsManager]     address: 0:0:0:0:0:0:0:1
2019-04-23 17:08:36.423+0000 INFO [o.n.k.i.DiagnosticsManager]     address: 127.0.0.1
2019-04-23 17:08:36.423+0000 INFO [o.n.k.i.DiagnosticsManager] --- INITIALIZED diagnostics END ---
2019-04-23 17:08:36.717+0000 INFO [o.n.k.i.s.f.RecordFormatSelector] Selected RecordFormat:StandardV3_4[v0.A.9] record format from store /Users/luke/Documents/毕设/Neo4j/graph/agrocyc
2019-04-23 17:08:36.742+0000 INFO [o.n.k.i.s.f.RecordFormatSelector] Selected RecordFormat:StandardV3_4[v0.A.9] record format from store /Users/luke/Documents/毕设/Neo4j/graph/agrocyc
2019-04-23 17:08:36.742+0000 INFO [o.n.k.i.s.f.RecordFormatSelector] Format not configured. Selected format from the store: RecordFormat:StandardV3_4[v0.A.9]
2019-04-23 17:08:36.933+0000 INFO [o.n.k.i.i.l.NativeLabelScanStore] Label index cleanup job registered
2019-04-23 17:08:36.936+0000 INFO [o.n.k.NeoStoreDataSource] No check point found in transaction log
2019-04-23 17:08:36.937+0000 INFO [o.n.k.NeoStoreDataSource] Recovery required from position LogPosition{logVersion=0, byteOffset=16}
2019-04-23 17:08:37.062+0000 INFO [o.n.k.r.Recovery]   10% completed
2019-04-23 17:08:37.062+0000 INFO [o.n.k.r.Recovery]   20% completed
2019-04-23 17:08:37.063+0000 INFO [o.n.k.r.Recovery]   30% completed
2019-04-23 17:08:37.063+0000 INFO [o.n.k.r.Recovery]   40% completed
2019-04-23 17:08:37.063+0000 INFO [o.n.k.r.Recovery]   50% completed
2019-04-23 17:08:37.069+0000 INFO [o.n.k.r.Recovery]   60% completed
2019-04-23 17:08:37.069+0000 INFO [o.n.k.r.Recovery]   70% completed
2019-04-23 17:08:37.131+0000 INFO [o.n.k.r.Recovery]   80% completed
2019-04-23 17:08:37.132+0000 INFO [o.n.k.r.Recovery]   90% completed
2019-04-23 17:08:37.132+0000 INFO [o.n.k.r.Recovery]   100% completed
2019-04-23 17:08:37.133+0000 INFO [o.n.k.NeoStoreDataSource] Recovery completed. 2 transactions, first:2, last:3 recovered
2019-04-23 17:08:37.134+0000 INFO [o.n.k.i.i.l.NativeLabelScanStore] Label index cleanup job started
2019-04-23 17:08:37.135+0000 INFO [o.n.k.i.s.DynamicArrayStore] Rebuilding id generator for[/Users/luke/Documents/毕设/Neo4j/graph/agrocyc/neostore.nodestore.db.labels] ...
2019-04-23 17:08:37.137+0000 INFO [o.n.k.i.i.l.NativeLabelScanStore] Label index cleanup job finished: Number of pages visited: 2, Number of cleaned crashed pointers: 0, Time spent: 2ms
2019-04-23 17:08:37.138+0000 INFO [o.n.k.i.i.l.NativeLabelScanStore] Label index cleanup job closed
2019-04-23 17:08:37.147+0000 INFO [o.n.k.i.s.DynamicArrayStore] [/Users/luke/Documents/毕设/Neo4j/graph/agrocyc/neostore.nodestore.db.labels] high id=1 (defragged=0)
2019-04-23 17:08:37.147+0000 INFO [o.n.k.i.s.DynamicArrayStore] /Users/luke/Documents/毕设/Neo4j/graph/agrocyc/neostore.nodestore.db.labels rebuild id generator, highId=1 defragged count=0
2019-04-23 17:08:37.147+0000 INFO [o.n.k.i.s.NodeStore] Rebuilding id generator for[/Users/luke/Documents/毕设/Neo4j/graph/agrocyc/neostore.nodestore.db] ...
2019-04-23 17:08:37.148+0000 INFO [o.n.k.i.s.NodeStore] [/Users/luke/Documents/毕设/Neo4j/graph/agrocyc/neostore.nodestore.db] high id=12684 (defragged=0)
2019-04-23 17:08:37.148+0000 INFO [o.n.k.i.s.NodeStore] /Users/luke/Documents/毕设/Neo4j/graph/agrocyc/neostore.nodestore.db rebuild id generator, highId=12684 defragged count=0
2019-04-23 17:08:37.148+0000 INFO [o.n.k.i.s.DynamicStringStore] Rebuilding id generator for[/Users/luke/Documents/毕设/Neo4j/graph/agrocyc/neostore.propertystore.db.index.keys] ...
2019-04-23 17:08:37.150+0000 INFO [o.n.k.i.s.DynamicStringStore] [/Users/luke/Documents/毕设/Neo4j/graph/agrocyc/neostore.propertystore.db.index.keys] high id=1 (defragged=0)
2019-04-23 17:08:37.150+0000 INFO [o.n.k.i.s.DynamicStringStore] /Users/luke/Documents/毕设/Neo4j/graph/agrocyc/neostore.propertystore.db.index.keys rebuild id generator, highId=1 defragged count=0
2019-04-23 17:08:37.150+0000 INFO [o.n.k.i.s.PropertyKeyTokenStore] Rebuilding id generator for[/Users/luke/Documents/毕设/Neo4j/graph/agrocyc/neostore.propertystore.db.index] ...
2019-04-23 17:08:37.151+0000 INFO [o.n.k.i.s.PropertyKeyTokenStore] [/Users/luke/Documents/毕设/Neo4j/graph/agrocyc/neostore.propertystore.db.index] high id=0 (defragged=0)
2019-04-23 17:08:37.151+0000 INFO [o.n.k.i.s.PropertyKeyTokenStore] /Users/luke/Documents/毕设/Neo4j/graph/agrocyc/neostore.propertystore.db.index rebuild id generator, highId=0 defragged count=0
2019-04-23 17:08:37.152+0000 INFO [o.n.k.i.s.DynamicStringStore] Rebuilding id generator for[/Users/luke/Documents/毕设/Neo4j/graph/agrocyc/neostore.propertystore.db.strings] ...
2019-04-23 17:08:37.153+0000 INFO [o.n.k.i.s.DynamicStringStore] [/Users/luke/Documents/毕设/Neo4j/graph/agrocyc/neostore.propertystore.db.strings] high id=1 (defragged=0)
2019-04-23 17:08:37.153+0000 INFO [o.n.k.i.s.DynamicStringStore] /Users/luke/Documents/毕设/Neo4j/graph/agrocyc/neostore.propertystore.db.strings rebuild id generator, highId=1 defragged count=0
2019-04-23 17:08:37.153+0000 INFO [o.n.k.i.s.DynamicArrayStore] Rebuilding id generator for[/Users/luke/Documents/毕设/Neo4j/graph/agrocyc/neostore.propertystore.db.arrays] ...
2019-04-23 17:08:37.154+0000 INFO [o.n.k.i.s.DynamicArrayStore] [/Users/luke/Documents/毕设/Neo4j/graph/agrocyc/neostore.propertystore.db.arrays] high id=1 (defragged=0)
2019-04-23 17:08:37.154+0000 INFO [o.n.k.i.s.DynamicArrayStore] /Users/luke/Documents/毕设/Neo4j/graph/agrocyc/neostore.propertystore.db.arrays rebuild id generator, highId=1 defragged count=0
2019-04-23 17:08:37.154+0000 INFO [o.n.k.i.s.PropertyStore] Rebuilding id generator for[/Users/luke/Documents/毕设/Neo4j/graph/agrocyc/neostore.propertystore.db] ...
2019-04-23 17:08:37.155+0000 INFO [o.n.k.i.s.PropertyStore] [/Users/luke/Documents/毕设/Neo4j/graph/agrocyc/neostore.propertystore.db] high id=0 (defragged=0)
2019-04-23 17:08:37.156+0000 INFO [o.n.k.i.s.PropertyStore] /Users/luke/Documents/毕设/Neo4j/graph/agrocyc/neostore.propertystore.db rebuild id generator, highId=0 defragged count=0
2019-04-23 17:08:37.156+0000 INFO [o.n.k.i.s.RelationshipStore] Rebuilding id generator for[/Users/luke/Documents/毕设/Neo4j/graph/agrocyc/neostore.relationshipstore.db] ...
2019-04-23 17:08:37.157+0000 INFO [o.n.k.i.s.RelationshipStore] [/Users/luke/Documents/毕设/Neo4j/graph/agrocyc/neostore.relationshipstore.db] high id=13657 (defragged=0)
2019-04-23 17:08:37.157+0000 INFO [o.n.k.i.s.RelationshipStore] /Users/luke/Documents/毕设/Neo4j/graph/agrocyc/neostore.relationshipstore.db rebuild id generator, highId=13657 defragged count=0
2019-04-23 17:08:37.157+0000 INFO [o.n.k.i.s.DynamicStringStore] Rebuilding id generator for[/Users/luke/Documents/毕设/Neo4j/graph/agrocyc/neostore.relationshiptypestore.db.names] ...
2019-04-23 17:08:37.158+0000 INFO [o.n.k.i.s.DynamicStringStore] [/Users/luke/Documents/毕设/Neo4j/graph/agrocyc/neostore.relationshiptypestore.db.names] high id=2 (defragged=0)
2019-04-23 17:08:37.159+0000 INFO [o.n.k.i.s.DynamicStringStore] /Users/luke/Documents/毕设/Neo4j/graph/agrocyc/neostore.relationshiptypestore.db.names rebuild id generator, highId=2 defragged count=0
2019-04-23 17:08:37.159+0000 INFO [o.n.k.i.s.RelationshipTypeTokenStore] Rebuilding id generator for[/Users/luke/Documents/毕设/Neo4j/graph/agrocyc/neostore.relationshiptypestore.db] ...
2019-04-23 17:08:37.160+0000 INFO [o.n.k.i.s.RelationshipTypeTokenStore] [/Users/luke/Documents/毕设/Neo4j/graph/agrocyc/neostore.relationshiptypestore.db] high id=1 (defragged=0)
2019-04-23 17:08:37.160+0000 INFO [o.n.k.i.s.RelationshipTypeTokenStore] /Users/luke/Documents/毕设/Neo4j/graph/agrocyc/neostore.relationshiptypestore.db rebuild id generator, highId=1 defragged count=0
2019-04-23 17:08:37.161+0000 INFO [o.n.k.i.s.DynamicStringStore] Rebuilding id generator for[/Users/luke/Documents/毕设/Neo4j/graph/agrocyc/neostore.labeltokenstore.db.names] ...
2019-04-23 17:08:37.162+0000 INFO [o.n.k.i.s.DynamicStringStore] [/Users/luke/Documents/毕设/Neo4j/graph/agrocyc/neostore.labeltokenstore.db.names] high id=1 (defragged=0)
2019-04-23 17:08:37.162+0000 INFO [o.n.k.i.s.DynamicStringStore] /Users/luke/Documents/毕设/Neo4j/graph/agrocyc/neostore.labeltokenstore.db.names rebuild id generator, highId=1 defragged count=0
2019-04-23 17:08:37.162+0000 INFO [o.n.k.i.s.LabelTokenStore] Rebuilding id generator for[/Users/luke/Documents/毕设/Neo4j/graph/agrocyc/neostore.labeltokenstore.db] ...
2019-04-23 17:08:37.163+0000 INFO [o.n.k.i.s.LabelTokenStore] [/Users/luke/Documents/毕设/Neo4j/graph/agrocyc/neostore.labeltokenstore.db] high id=0 (defragged=0)
2019-04-23 17:08:37.163+0000 INFO [o.n.k.i.s.LabelTokenStore] /Users/luke/Documents/毕设/Neo4j/graph/agrocyc/neostore.labeltokenstore.db rebuild id generator, highId=0 defragged count=0
2019-04-23 17:08:37.163+0000 INFO [o.n.k.i.s.SchemaStore] Rebuilding id generator for[/Users/luke/Documents/毕设/Neo4j/graph/agrocyc/neostore.schemastore.db] ...
2019-04-23 17:08:37.164+0000 INFO [o.n.k.i.s.SchemaStore] [/Users/luke/Documents/毕设/Neo4j/graph/agrocyc/neostore.schemastore.db] high id=1 (defragged=0)
2019-04-23 17:08:37.165+0000 INFO [o.n.k.i.s.SchemaStore] /Users/luke/Documents/毕设/Neo4j/graph/agrocyc/neostore.schemastore.db rebuild id generator, highId=1 defragged count=0
2019-04-23 17:08:37.165+0000 INFO [o.n.k.i.s.RelationshipGroupStore] Rebuilding id generator for[/Users/luke/Documents/毕设/Neo4j/graph/agrocyc/neostore.relationshipgroupstore.db] ...
2019-04-23 17:08:37.166+0000 INFO [o.n.k.i.s.RelationshipGroupStore] [/Users/luke/Documents/毕设/Neo4j/graph/agrocyc/neostore.relationshipgroupstore.db] high id=9 (defragged=0)
2019-04-23 17:08:37.166+0000 INFO [o.n.k.i.s.RelationshipGroupStore] /Users/luke/Documents/毕设/Neo4j/graph/agrocyc/neostore.relationshipgroupstore.db rebuild id generator, highId=9 defragged count=0
2019-04-23 17:08:37.166+0000 INFO [o.n.k.i.s.MetaDataStore] Rebuilding id generator for[/Users/luke/Documents/毕设/Neo4j/graph/agrocyc/neostore] ...
2019-04-23 17:08:37.167+0000 INFO [o.n.k.i.s.MetaDataStore] [/Users/luke/Documents/毕设/Neo4j/graph/agrocyc/neostore] high id=15 (defragged=0)
2019-04-23 17:08:37.167+0000 INFO [o.n.k.i.s.MetaDataStore] /Users/luke/Documents/毕设/Neo4j/graph/agrocyc/neostore rebuild id generator, highId=15 defragged count=0
2019-04-23 17:08:37.247+0000 INFO [o.n.k.i.DatabaseHealth] Database health set to OK
2019-04-23 17:08:37.570+0000 INFO [o.n.k.AvailabilityGuard] Fulfilling of requirement makes database available: Database available
2019-04-23 17:08:37.571+0000 INFO [o.n.k.i.f.GraphDatabaseFacadeFactory] Database is now ready
2019-04-23 17:08:37.572+0000 INFO [o.n.k.i.DiagnosticsManager] --- STARTED diagnostics for KernelDiagnostics:Versions START ---
2019-04-23 17:08:37.572+0000 INFO [o.n.k.i.DiagnosticsManager] Graph Database: community single StoreId{creationTime=1556039138058, randomId=7022125549828641331, storeVersion=16094931155187206, upgradeTime=1556039138058, upgradeId=1}
2019-04-23 17:08:37.572+0000 INFO [o.n.k.i.DiagnosticsManager] Kernel version: 3.4.6,ff53003e8435935995de3a4aa337981c2609ca11
2019-04-23 17:08:37.572+0000 INFO [o.n.k.i.DiagnosticsManager] --- STARTED diagnostics for KernelDiagnostics:Versions END ---
2019-04-23 17:08:37.574+0000 INFO [o.n.k.i.DiagnosticsManager] --- STARTED diagnostics for NEO_STORE_VERSIONS START ---
2019-04-23 17:08:37.574+0000 INFO [o.n.k.i.DiagnosticsManager] Store versions:
2019-04-23 17:08:37.574+0000 INFO [o.n.k.i.DiagnosticsManager] Store versions:
2019-04-23 17:08:37.574+0000 INFO [o.n.k.i.DiagnosticsManager]   ArrayPropertyStore v0.A.9
2019-04-23 17:08:37.574+0000 INFO [o.n.k.i.DiagnosticsManager]   NodeStore v0.A.9
2019-04-23 17:08:37.574+0000 INFO [o.n.k.i.DiagnosticsManager]   StringPropertyStore v0.A.9
2019-04-23 17:08:37.575+0000 INFO [o.n.k.i.DiagnosticsManager]   PropertyIndexStore v0.A.9
2019-04-23 17:08:37.575+0000 INFO [o.n.k.i.DiagnosticsManager]   StringPropertyStore v0.A.9
2019-04-23 17:08:37.575+0000 INFO [o.n.k.i.DiagnosticsManager]   ArrayPropertyStore v0.A.9
2019-04-23 17:08:37.575+0000 INFO [o.n.k.i.DiagnosticsManager]   PropertyStore v0.A.9
2019-04-23 17:08:37.575+0000 INFO [o.n.k.i.DiagnosticsManager]   RelationshipStore v0.A.9
2019-04-23 17:08:37.575+0000 INFO [o.n.k.i.DiagnosticsManager]   StringPropertyStore v0.A.9
2019-04-23 17:08:37.575+0000 INFO [o.n.k.i.DiagnosticsManager]   RelationshipTypeStore v0.A.9
2019-04-23 17:08:37.575+0000 INFO [o.n.k.i.DiagnosticsManager]   StringPropertyStore v0.A.9
2019-04-23 17:08:37.576+0000 INFO [o.n.k.i.DiagnosticsManager]   LabelTokenStore v0.A.9
2019-04-23 17:08:37.576+0000 INFO [o.n.k.i.DiagnosticsManager]   SchemaStore v0.A.9
2019-04-23 17:08:37.576+0000 INFO [o.n.k.i.DiagnosticsManager]   RelationshipGroupStore v0.A.9
2019-04-23 17:08:37.576+0000 INFO [o.n.k.i.DiagnosticsManager]   NeoStore v0.A.9
2019-04-23 17:08:37.576+0000 INFO [o.n.k.i.DiagnosticsManager] --- STARTED diagnostics for NEO_STORE_VERSIONS END ---
2019-04-23 17:08:37.576+0000 INFO [o.n.k.i.DiagnosticsManager] --- STARTED diagnostics for NEO_STORE_ID_USAGE START ---
2019-04-23 17:08:37.576+0000 INFO [o.n.k.i.DiagnosticsManager] Id usage:
2019-04-23 17:08:37.576+0000 INFO [o.n.k.i.DiagnosticsManager] Id usage:
2019-04-23 17:08:37.577+0000 INFO [o.n.k.i.DiagnosticsManager]   ArrayPropertyStore: used=1 high=0
2019-04-23 17:08:37.577+0000 INFO [o.n.k.i.DiagnosticsManager]   NodeStore: used=12684 high=12683
2019-04-23 17:08:37.577+0000 INFO [o.n.k.i.DiagnosticsManager]   StringPropertyStore: used=1 high=0
2019-04-23 17:08:37.577+0000 INFO [o.n.k.i.DiagnosticsManager]   PropertyIndexStore: used=0 high=-1
2019-04-23 17:08:37.577+0000 INFO [o.n.k.i.DiagnosticsManager]   StringPropertyStore: used=1 high=0
2019-04-23 17:08:37.577+0000 INFO [o.n.k.i.DiagnosticsManager]   ArrayPropertyStore: used=1 high=0
2019-04-23 17:08:37.577+0000 INFO [o.n.k.i.DiagnosticsManager]   PropertyStore: used=0 high=-1
2019-04-23 17:08:37.577+0000 INFO [o.n.k.i.DiagnosticsManager]   RelationshipStore: used=13657 high=13656
2019-04-23 17:08:37.577+0000 INFO [o.n.k.i.DiagnosticsManager]   StringPropertyStore: used=2 high=1
2019-04-23 17:08:37.577+0000 INFO [o.n.k.i.DiagnosticsManager]   RelationshipTypeStore: used=1 high=0
2019-04-23 17:08:37.578+0000 INFO [o.n.k.i.DiagnosticsManager]   StringPropertyStore: used=1 high=0
2019-04-23 17:08:37.578+0000 INFO [o.n.k.i.DiagnosticsManager]   LabelTokenStore: used=0 high=-1
2019-04-23 17:08:37.578+0000 INFO [o.n.k.i.DiagnosticsManager]   SchemaStore: used=1 high=0
2019-04-23 17:08:37.578+0000 INFO [o.n.k.i.DiagnosticsManager]   RelationshipGroupStore: used=9 high=8
2019-04-23 17:08:37.578+0000 INFO [o.n.k.i.DiagnosticsManager]   NeoStore: used=15 high=14
2019-04-23 17:08:37.578+0000 INFO [o.n.k.i.DiagnosticsManager] --- STARTED diagnostics for NEO_STORE_ID_USAGE END ---
2019-04-23 17:08:37.578+0000 INFO [o.n.k.i.DiagnosticsManager] --- STARTED diagnostics for NEO_STORE_RECORDS START ---
2019-04-23 17:08:37.578+0000 INFO [o.n.k.i.DiagnosticsManager] Neostore records:
2019-04-23 17:08:37.579+0000 INFO [o.n.k.i.DiagnosticsManager] TIME (Creation time): 1556039138058
2019-04-23 17:08:37.579+0000 INFO [o.n.k.i.DiagnosticsManager] RANDOM_NUMBER (Random number for store id): 7022125549828641331
2019-04-23 17:08:37.579+0000 INFO [o.n.k.i.DiagnosticsManager] LOG_VERSION (Current log version): 0
2019-04-23 17:08:37.579+0000 INFO [o.n.k.i.DiagnosticsManager] LAST_TRANSACTION_ID (Last committed transaction): 3
2019-04-23 17:08:37.579+0000 INFO [o.n.k.i.DiagnosticsManager] STORE_VERSION (Store format version): 16094931155187206
2019-04-23 17:08:37.579+0000 INFO [o.n.k.i.DiagnosticsManager] FIRST_GRAPH_PROPERTY (First property record containing graph properties): -1
2019-04-23 17:08:37.579+0000 INFO [o.n.k.i.DiagnosticsManager] LAST_CONSTRAINT_TRANSACTION (Last committed transaction containing constraint changes): 0
2019-04-23 17:08:37.579+0000 INFO [o.n.k.i.DiagnosticsManager] UPGRADE_TRANSACTION_ID (Transaction id most recent upgrade was performed at): 1
2019-04-23 17:08:37.579+0000 INFO [o.n.k.i.DiagnosticsManager] UPGRADE_TIME (Time of last upgrade): 1556039138058
2019-04-23 17:08:37.579+0000 INFO [o.n.k.i.DiagnosticsManager] LAST_TRANSACTION_CHECKSUM (Checksum of last committed transaction): -161385203622
2019-04-23 17:08:37.579+0000 INFO [o.n.k.i.DiagnosticsManager] UPGRADE_TRANSACTION_CHECKSUM (Checksum of transaction id the most recent upgrade was performed at): 0
2019-04-23 17:08:37.580+0000 INFO [o.n.k.i.DiagnosticsManager] LAST_CLOSED_TRANSACTION_LOG_VERSION (Log version where the last transaction commit entry has been written into): 0
2019-04-23 17:08:37.580+0000 INFO [o.n.k.i.DiagnosticsManager] LAST_CLOSED_TRANSACTION_LOG_BYTE_OFFSET (Byte offset in the log file where the last transaction commit entry has been written into): 1649732
2019-04-23 17:08:37.580+0000 INFO [o.n.k.i.DiagnosticsManager] LAST_TRANSACTION_COMMIT_TIMESTAMP (Commit time timestamp for last committed transaction): 1556039139430
2019-04-23 17:08:37.580+0000 INFO [o.n.k.i.DiagnosticsManager] UPGRADE_TRANSACTION_COMMIT_TIMESTAMP (Commit timestamp of transaction the most recent upgrade was performed at): 0
2019-04-23 17:08:37.580+0000 INFO [o.n.k.i.DiagnosticsManager] --- STARTED diagnostics for NEO_STORE_RECORDS END ---
2019-04-23 17:08:37.581+0000 INFO [o.n.k.i.DiagnosticsManager] --- STARTED diagnostics for TRANSACTION_RANGE START ---
2019-04-23 17:08:37.581+0000 INFO [o.n.k.i.DiagnosticsManager] Transaction log:
2019-04-23 17:08:37.581+0000 INFO [o.n.k.i.DiagnosticsManager] Oldest transaction 2 found in log with version 0
2019-04-23 17:08:37.581+0000 INFO [o.n.k.i.DiagnosticsManager] --- STARTED diagnostics for TRANSACTION_RANGE END ---
2019-04-23 17:08:37.584+0000 INFO [o.n.k.i.DiagnosticsManager] --- STARTED diagnostics for KernelDiagnostics:StoreFiles START ---
2019-04-23 17:08:37.585+0000 INFO [o.n.k.i.DiagnosticsManager] Disk space on partition (Total / Free / Free %): 499963170816 / 17395109888 / 3
2019-04-23 17:08:37.585+0000 INFO [o.n.k.i.DiagnosticsManager] Storage files: (filename : modification date - size)
2019-04-23 17:08:37.586+0000 INFO [o.n.k.i.DiagnosticsManager]   index:
2019-04-23 17:08:37.586+0000 INFO [o.n.k.i.DiagnosticsManager]   - Total: 2019-04-24T01:05:38+0800 - 0.00 B
2019-04-23 17:08:37.586+0000 INFO [o.n.k.i.DiagnosticsManager]   logs:
2019-04-23 17:08:37.587+0000 INFO [o.n.k.i.DiagnosticsManager]     debug.log: 2019-04-24T01:08:37+0800 - 90.01 kB
2019-04-23 17:08:37.587+0000 INFO [o.n.k.i.DiagnosticsManager]   - Total: 2019-04-24T01:05:36+0800 - 90.01 kB
2019-04-23 17:08:37.588+0000 INFO [o.n.k.i.DiagnosticsManager]   neostore: 2019-04-24T01:05:38+0800 - 8.00 kB
2019-04-23 17:08:37.588+0000 INFO [o.n.k.i.DiagnosticsManager]   neostore.counts.db.a: 2019-04-24T01:05:38+0800 - 96.00 B
2019-04-23 17:08:37.588+0000 INFO [o.n.k.i.DiagnosticsManager]   neostore.id: 2019-04-24T01:08:37+0800 - 9.00 B
2019-04-23 17:08:37.588+0000 INFO [o.n.k.i.DiagnosticsManager]   neostore.labelscanstore.db: 2019-04-24T01:08:36+0800 - 40.00 kB
2019-04-23 17:08:37.589+0000 INFO [o.n.k.i.DiagnosticsManager]   neostore.labeltokenstore.db: 2019-04-24T01:05:38+0800 - 0.00 B
2019-04-23 17:08:37.589+0000 INFO [o.n.k.i.DiagnosticsManager]   neostore.labeltokenstore.db.id: 2019-04-24T01:08:37+0800 - 9.00 B
2019-04-23 17:08:37.589+0000 INFO [o.n.k.i.DiagnosticsManager]   neostore.labeltokenstore.db.names: 2019-04-24T01:05:38+0800 - 8.00 kB
2019-04-23 17:08:37.589+0000 INFO [o.n.k.i.DiagnosticsManager]   neostore.labeltokenstore.db.names.id: 2019-04-24T01:08:37+0800 - 9.00 B
2019-04-23 17:08:37.589+0000 INFO [o.n.k.i.DiagnosticsManager]   neostore.nodestore.db: 2019-04-24T01:05:37+0800 - 0.00 B
2019-04-23 17:08:37.590+0000 INFO [o.n.k.i.DiagnosticsManager]   neostore.nodestore.db.id: 2019-04-24T01:08:37+0800 - 9.00 B
2019-04-23 17:08:37.590+0000 INFO [o.n.k.i.DiagnosticsManager]   neostore.nodestore.db.labels: 2019-04-24T01:05:37+0800 - 8.00 kB
2019-04-23 17:08:37.590+0000 INFO [o.n.k.i.DiagnosticsManager]   neostore.nodestore.db.labels.id: 2019-04-24T01:08:37+0800 - 9.00 B
2019-04-23 17:08:37.592+0000 INFO [o.n.k.i.DiagnosticsManager]   neostore.propertystore.db: 2019-04-24T01:05:38+0800 - 0.00 B
2019-04-23 17:08:37.593+0000 INFO [o.n.k.i.DiagnosticsManager]   neostore.propertystore.db.arrays: 2019-04-24T01:05:38+0800 - 8.00 kB
2019-04-23 17:08:37.593+0000 INFO [o.n.k.i.DiagnosticsManager]   neostore.propertystore.db.arrays.id: 2019-04-24T01:08:37+0800 - 9.00 B
2019-04-23 17:08:37.593+0000 INFO [o.n.k.i.DiagnosticsManager]   neostore.propertystore.db.id: 2019-04-24T01:08:37+0800 - 9.00 B
2019-04-23 17:08:37.593+0000 INFO [o.n.k.i.DiagnosticsManager]   neostore.propertystore.db.index: 2019-04-24T01:05:37+0800 - 0.00 B
2019-04-23 17:08:37.593+0000 INFO [o.n.k.i.DiagnosticsManager]   neostore.propertystore.db.index.id: 2019-04-24T01:08:37+0800 - 9.00 B
2019-04-23 17:08:37.594+0000 INFO [o.n.k.i.DiagnosticsManager]   neostore.propertystore.db.index.keys: 2019-04-24T01:05:37+0800 - 8.00 kB
2019-04-23 17:08:37.594+0000 INFO [o.n.k.i.DiagnosticsManager]   neostore.propertystore.db.index.keys.id: 2019-04-24T01:08:37+0800 - 9.00 B
2019-04-23 17:08:37.594+0000 INFO [o.n.k.i.DiagnosticsManager]   neostore.propertystore.db.strings: 2019-04-24T01:05:37+0800 - 8.00 kB
2019-04-23 17:08:37.594+0000 INFO [o.n.k.i.DiagnosticsManager]   neostore.propertystore.db.strings.id: 2019-04-24T01:08:37+0800 - 9.00 B
2019-04-23 17:08:37.594+0000 INFO [o.n.k.i.DiagnosticsManager]   neostore.relationshipgroupstore.db: 2019-04-24T01:05:38+0800 - 8.00 kB
2019-04-23 17:08:37.595+0000 INFO [o.n.k.i.DiagnosticsManager]   neostore.relationshipgroupstore.db.id: 2019-04-24T01:08:37+0800 - 9.00 B
2019-04-23 17:08:37.595+0000 INFO [o.n.k.i.DiagnosticsManager]   neostore.relationshipstore.db: 2019-04-24T01:05:38+0800 - 0.00 B
2019-04-23 17:08:37.595+0000 INFO [o.n.k.i.DiagnosticsManager]   neostore.relationshipstore.db.id: 2019-04-24T01:08:37+0800 - 9.00 B
2019-04-23 17:08:37.595+0000 INFO [o.n.k.i.DiagnosticsManager]   neostore.relationshiptypestore.db: 2019-04-24T01:05:38+0800 - 0.00 B
2019-04-23 17:08:37.595+0000 INFO [o.n.k.i.DiagnosticsManager]   neostore.relationshiptypestore.db.id: 2019-04-24T01:08:37+0800 - 9.00 B
2019-04-23 17:08:37.596+0000 INFO [o.n.k.i.DiagnosticsManager]   neostore.relationshiptypestore.db.names: 2019-04-24T01:05:38+0800 - 8.00 kB
2019-04-23 17:08:37.596+0000 INFO [o.n.k.i.DiagnosticsManager]   neostore.relationshiptypestore.db.names.id: 2019-04-24T01:08:37+0800 - 9.00 B
2019-04-23 17:08:37.596+0000 INFO [o.n.k.i.DiagnosticsManager]   neostore.schemastore.db: 2019-04-24T01:05:38+0800 - 8.00 kB
2019-04-23 17:08:37.596+0000 INFO [o.n.k.i.DiagnosticsManager]   neostore.schemastore.db.id: 2019-04-24T01:08:37+0800 - 9.00 B
2019-04-23 17:08:37.596+0000 INFO [o.n.k.i.DiagnosticsManager]   neostore.transaction.db.0: 2019-04-24T01:05:39+0800 - 1.57 MB
2019-04-23 17:08:37.597+0000 INFO [o.n.k.i.DiagnosticsManager]   store_lock: 2019-04-24T01:05:37+0800 - 0.00 B
2019-04-23 17:08:37.597+0000 INFO [o.n.k.i.DiagnosticsManager] Storage summary: 
2019-04-23 17:08:37.597+0000 INFO [o.n.k.i.DiagnosticsManager]   Total size of store: 1.77 MB
2019-04-23 17:08:37.597+0000 INFO [o.n.k.i.DiagnosticsManager]   Total size of mapped files: 112.00 kB
2019-04-23 17:08:37.597+0000 INFO [o.n.k.i.DiagnosticsManager] --- STARTED diagnostics for KernelDiagnostics:StoreFiles END ---
